#! /usr/local/bin/vvp
:ivl_version "12.0 (devel)" "(s20150603-1656-gc2dbf4e48)";
:ivl_delay_selection "TYPICAL";
:vpi_time_precision + 0;
:vpi_module "/usr/local/lib/ivl/system.vpi";
:vpi_module "/usr/local/lib/ivl/vhdl_sys.vpi";
:vpi_module "/usr/local/lib/ivl/vhdl_textio.vpi";
:vpi_module "/usr/local/lib/ivl/v2005_math.vpi";
:vpi_module "/usr/local/lib/ivl/va_math.vpi";
S_0x55dc8775e300 .scope module, "testbench_all" "testbench_all" 2 1;
 .timescale 0 0;
P_0x55dc87787430 .param/l "N" 0 2 4, +C4<00000000000000000000000000000010>;
P_0x55dc87787470 .param/l "WIDTH" 0 2 3, +C4<00000000000000000000000000001000>;
o0x7f83f7d4c908 .functor BUFZ 1, C4<z>; HiZ drive
v0x55dc877bcf40_0 .net "busy", 0 0, o0x7f83f7d4c908;  0 drivers
v0x55dc877bd000_0 .net "busy_rec", 0 0, v0x55dc877b56e0_0;  1 drivers
v0x55dc877bd0f0_0 .net "busy_trans", 0 0, v0x55dc877b8f20_0;  1 drivers
v0x55dc877bd1e0_0 .var "clk", 0 0;
v0x55dc877bd280_0 .var/i "i", 31 0;
v0x55dc877bd370_0 .var "initial_data_send", 7 0;
v0x55dc877bd480 .array "res", 0 1, 15 0;
v0x55dc877bd5a0_0 .net "result_data_recv", 15 0, v0x55dc877b5470_0;  1 drivers
v0x55dc877bd660_0 .var "rst", 0 0;
v0x55dc877bd790_0 .net "rx1", 0 0, v0x55dc877b05e0_0;  1 drivers
v0x55dc877bd830_0 .var "start_send", 0 0;
v0x55dc877bd8d0_0 .net "tx1", 0 0, v0x55dc877bb240_0;  1 drivers
v0x55dc877bd970_0 .net "valid", 0 0, v0x55dc877b6240_0;  1 drivers
v0x55dc877bda60 .array "vec1", 0 1, 7 0;
v0x55dc877bdb80 .array "vec2", 0 1, 7 0;
v0x55dc877bda60_0 .array/port v0x55dc877bda60, 0;
E_0x55dc876b7610/0 .event anyedge, v0x55dc877b6240_0, v0x55dc877b5470_0, v0x55dc877bd280_0, v0x55dc877bda60_0;
v0x55dc877bda60_1 .array/port v0x55dc877bda60, 1;
v0x55dc877bdb80_0 .array/port v0x55dc877bdb80, 0;
v0x55dc877bdb80_1 .array/port v0x55dc877bdb80, 1;
v0x55dc877bd480_0 .array/port v0x55dc877bd480, 0;
E_0x55dc876b7610/1 .event anyedge, v0x55dc877bda60_1, v0x55dc877bdb80_0, v0x55dc877bdb80_1, v0x55dc877bd480_0;
v0x55dc877bd480_1 .array/port v0x55dc877bd480, 1;
E_0x55dc876b7610/2 .event anyedge, v0x55dc877bd480_1;
E_0x55dc876b7610 .event/or E_0x55dc876b7610/0, E_0x55dc876b7610/1, E_0x55dc876b7610/2;
S_0x55dc87782d50 .scope module, "main_module" "main" 2 35, 3 1 0, S_0x55dc8775e300;
 .timescale 0 0;
    .port_info 0 /INPUT 1 "clk";
    .port_info 1 /INPUT 1 "rst";
    .port_info 2 /INPUT 1 "rx";
    .port_info 3 /OUTPUT 1 "tx";
    .port_info 4 /OUTPUT 1 "busy";
P_0x55dc877915b0 .param/l "N" 0 3 2, +C4<00000000000000000000000000000010>;
P_0x55dc877915f0 .param/l "WIDTH" 0 3 2, +C4<00000000000000000000000000001000>;
v0x55dc877b23b0_0 .net "busy", 0 0, o0x7f83f7d4c908;  alias, 0 drivers
v0x55dc877b2490_0 .net "busy_res", 0 0, v0x55dc877aaef0_0;  1 drivers
v0x55dc877b25a0_0 .net "busy_trans", 0 0, v0x55dc877ae340_0;  1 drivers
v0x55dc877b2690_0 .net "clk", 0 0, v0x55dc877bd1e0_0;  1 drivers
v0x55dc877b2730_0 .var "counter", 3 0;
v0x55dc877b2820_0 .var "input_done", 0 0;
v0x55dc877b28e0_0 .net "input_value", 7 0, v0x55dc877aac60_0;  1 drivers
v0x55dc877b29a0_0 .var "output_value", 15 0;
v0x55dc877b2ab0 .array "read_vector", 0 3, 7 0;
v0x55dc877b2c80_0 .var "result_tmp", 31 0;
v0x55dc877b2d60 .array "result_to_send", 0 1;
v0x55dc877b2d60_0 .net v0x55dc877b2d60 0, 15 0, L_0x55dc877cec90; 1 drivers
v0x55dc877b2d60_1 .net v0x55dc877b2d60 1, 15 0, L_0x55dc877ced60; 1 drivers
v0x55dc877b2e80_0 .net "result_vec", 31 0, L_0x55dc877d09c0;  1 drivers
v0x55dc877b2f40_0 .net "rst", 0 0, v0x55dc877bd660_0;  1 drivers
v0x55dc877b2fe0_0 .net "rx", 0 0, v0x55dc877bb240_0;  alias, 1 drivers
v0x55dc877b3080_0 .var "start", 0 0;
v0x55dc877b3120_0 .net "tx", 0 0, v0x55dc877b05e0_0;  alias, 1 drivers
v0x55dc877b3210_0 .net "valid_input", 0 0, v0x55dc877ab9f0_0;  1 drivers
v0x55dc877b3410_0 .net "vec1", 15 0, L_0x55dc877ce890;  1 drivers
v0x55dc877b34b0_0 .net "vec2", 15 0, L_0x55dc877cea90;  1 drivers
v0x55dc877b3550_0 .var "waiting", 0 0;
v0x55dc877b2ab0_0 .array/port v0x55dc877b2ab0, 0;
v0x55dc877b2ab0_1 .array/port v0x55dc877b2ab0, 1;
L_0x55dc877ce890 .concat8 [ 8 8 0 0], v0x55dc877b2ab0_0, v0x55dc877b2ab0_1;
v0x55dc877b2ab0_2 .array/port v0x55dc877b2ab0, 2;
v0x55dc877b2ab0_3 .array/port v0x55dc877b2ab0, 3;
L_0x55dc877cea90 .concat8 [ 8 8 0 0], v0x55dc877b2ab0_2, v0x55dc877b2ab0_3;
L_0x55dc877cec90 .part v0x55dc877b2c80_0, 0, 16;
L_0x55dc877ced60 .part v0x55dc877b2c80_0, 16, 16;
S_0x55dc8775f6f0 .scope generate, "genblk1[0]" "genblk1[0]" 3 75, 3 75 0, S_0x55dc87782d50;
 .timescale 0 0;
P_0x55dc877917c0 .param/l "i" 1 3 75, +C4<00>;
S_0x55dc87760a90 .scope generate, "genblk1" "genblk1" 3 76, 3 76 0, S_0x55dc8775f6f0;
 .timescale 0 0;
v0x55dc8777c2a0_0 .net *"_ivl_2", 7 0, v0x55dc877b2ab0_0;  1 drivers
S_0x55dc877a5920 .scope generate, "genblk1[1]" "genblk1[1]" 3 75, 3 75 0, S_0x55dc87782d50;
 .timescale 0 0;
P_0x55dc877a5b40 .param/l "i" 1 3 75, +C4<01>;
S_0x55dc877a5c00 .scope generate, "genblk1" "genblk1" 3 76, 3 76 0, S_0x55dc877a5920;
 .timescale 0 0;
v0x55dc87774d10_0 .net *"_ivl_2", 7 0, v0x55dc877b2ab0_1;  1 drivers
S_0x55dc877a5e40 .scope generate, "genblk1[2]" "genblk1[2]" 3 75, 3 75 0, S_0x55dc87782d50;
 .timescale 0 0;
P_0x55dc877a6070 .param/l "i" 1 3 75, +C4<010>;
S_0x55dc877a6130 .scope generate, "genblk1" "genblk1" 3 76, 3 76 0, S_0x55dc877a5e40;
 .timescale 0 0;
v0x55dc87774db0_0 .net *"_ivl_2", 7 0, v0x55dc877b2ab0_2;  1 drivers
S_0x55dc877a6370 .scope generate, "genblk1[3]" "genblk1[3]" 3 75, 3 75 0, S_0x55dc87782d50;
 .timescale 0 0;
P_0x55dc877a6570 .param/l "i" 1 3 75, +C4<011>;
S_0x55dc877a6650 .scope generate, "genblk1" "genblk1" 3 76, 3 76 0, S_0x55dc877a6370;
 .timescale 0 0;
v0x55dc8776dfa0_0 .net *"_ivl_2", 7 0, v0x55dc877b2ab0_3;  1 drivers
S_0x55dc877a6890 .scope generate, "genblk2[0]" "genblk2[0]" 3 83, 3 83 0, S_0x55dc87782d50;
 .timescale 0 0;
P_0x55dc877a6ae0 .param/l "i" 1 3 83, +C4<00>;
S_0x55dc877a6bc0 .scope generate, "genblk2[1]" "genblk2[1]" 3 83, 3 83 0, S_0x55dc87782d50;
 .timescale 0 0;
P_0x55dc877a6da0 .param/l "i" 1 3 83, +C4<01>;
S_0x55dc877a6e80 .scope module, "mul_vec" "mul_vectors" 3 65, 4 1 0, S_0x55dc87782d50;
 .timescale 0 0;
    .port_info 0 /INPUT 16 "vec1";
    .port_info 1 /INPUT 16 "vec2";
    .port_info 2 /OUTPUT 32 "result";
P_0x55dc877a7060 .param/l "N" 0 4 2, +C4<00000000000000000000000000000010>;
P_0x55dc877a70a0 .param/l "WIDTH" 0 4 2, +C4<00000000000000000000000000001000>;
L_0x55dc877d09c0 .functor BUFZ 32, L_0x55dc877d08d0, C4<00000000000000000000000000000000>, C4<00000000000000000000000000000000>, C4<00000000000000000000000000000000>;
v0x55dc877a8ad0_0 .net "result", 31 0, L_0x55dc877d09c0;  alias, 1 drivers
v0x55dc877a8bb0_0 .net "tmp", 31 0, L_0x55dc877d08d0;  1 drivers
v0x55dc877a8c90_0 .net "vec1", 15 0, L_0x55dc877ce890;  alias, 1 drivers
v0x55dc877a8d50_0 .net "vec2", 15 0, L_0x55dc877cea90;  alias, 1 drivers
L_0x55dc877d00c0 .part L_0x55dc877ce890, 0, 8;
L_0x55dc877d01b0 .part L_0x55dc877cea90, 0, 8;
L_0x55dc877d05f0 .part L_0x55dc877ce890, 8, 8;
L_0x55dc877d0770 .part L_0x55dc877cea90, 8, 8;
L_0x55dc877d08d0 .concat8 [ 16 16 0 0], L_0x55dc877cff80, L_0x55dc877d04b0;
S_0x55dc877a72a0 .scope generate, "step[0]" "step[0]" 4 14, 4 14 0, S_0x55dc877a6e80;
 .timescale 0 0;
P_0x55dc877a74c0 .param/l "i" 1 4 14, +C4<00>;
S_0x55dc877a75a0 .scope module, "elem" "multiplier" 4 19, 5 1 0, S_0x55dc877a72a0;
 .timescale 0 0;
    .port_info 0 /INPUT 8 "a";
    .port_info 1 /INPUT 8 "b";
    .port_info 2 /OUTPUT 16 "out";
P_0x55dc877a7780 .param/l "WIDTH" 0 5 2, +C4<00000000000000000000000000001000>;
v0x55dc8776de10_0 .net *"_ivl_0", 15 0, L_0x55dc877cfd10;  1 drivers
L_0x7f83f7d02378 .functor BUFT 1, C4<00000000>, C4<0>, C4<0>, C4<0>;
v0x55dc8776e040_0 .net *"_ivl_3", 7 0, L_0x7f83f7d02378;  1 drivers
v0x55dc87770650_0 .net *"_ivl_4", 15 0, L_0x55dc877cfe30;  1 drivers
L_0x7f83f7d023c0 .functor BUFT 1, C4<00000000>, C4<0>, C4<0>, C4<0>;
v0x55dc877a79b0_0 .net *"_ivl_7", 7 0, L_0x7f83f7d023c0;  1 drivers
v0x55dc877a7a90_0 .net "a", 7 0, L_0x55dc877d00c0;  1 drivers
v0x55dc877a7bc0_0 .net "b", 7 0, L_0x55dc877d01b0;  1 drivers
v0x55dc877a7ca0_0 .net "out", 15 0, L_0x55dc877cff80;  1 drivers
L_0x55dc877cfd10 .concat [ 8 8 0 0], L_0x55dc877d00c0, L_0x7f83f7d02378;
L_0x55dc877cfe30 .concat [ 8 8 0 0], L_0x55dc877d01b0, L_0x7f83f7d023c0;
L_0x55dc877cff80 .arith/mult 16, L_0x55dc877cfd10, L_0x55dc877cfe30;
S_0x55dc877a7e00 .scope generate, "step[1]" "step[1]" 4 14, 4 14 0, S_0x55dc877a6e80;
 .timescale 0 0;
P_0x55dc877a8000 .param/l "i" 1 4 14, +C4<01>;
S_0x55dc877a80c0 .scope module, "elem" "multiplier" 4 19, 5 1 0, S_0x55dc877a7e00;
 .timescale 0 0;
    .port_info 0 /INPUT 8 "a";
    .port_info 1 /INPUT 8 "b";
    .port_info 2 /OUTPUT 16 "out";
P_0x55dc877a82a0 .param/l "WIDTH" 0 5 2, +C4<00000000000000000000000000001000>;
v0x55dc877a83b0_0 .net *"_ivl_0", 15 0, L_0x55dc877d02a0;  1 drivers
L_0x7f83f7d02408 .functor BUFT 1, C4<00000000>, C4<0>, C4<0>, C4<0>;
v0x55dc877a84b0_0 .net *"_ivl_3", 7 0, L_0x7f83f7d02408;  1 drivers
v0x55dc877a8590_0 .net *"_ivl_4", 15 0, L_0x55dc877d0390;  1 drivers
L_0x7f83f7d02450 .functor BUFT 1, C4<00000000>, C4<0>, C4<0>, C4<0>;
v0x55dc877a8680_0 .net *"_ivl_7", 7 0, L_0x7f83f7d02450;  1 drivers
v0x55dc877a8760_0 .net "a", 7 0, L_0x55dc877d05f0;  1 drivers
v0x55dc877a8890_0 .net "b", 7 0, L_0x55dc877d0770;  1 drivers
v0x55dc877a8970_0 .net "out", 15 0, L_0x55dc877d04b0;  1 drivers
L_0x55dc877d02a0 .concat [ 8 8 0 0], L_0x55dc877d05f0, L_0x7f83f7d02408;
L_0x55dc877d0390 .concat [ 8 8 0 0], L_0x55dc877d0770, L_0x7f83f7d02450;
L_0x55dc877d04b0 .arith/mult 16, L_0x55dc877d02a0, L_0x55dc877d0390;
S_0x55dc877a8eb0 .scope module, "receiver" "uart_receiver" 3 32, 6 92 0, S_0x55dc87782d50;
 .timescale 0 0;
    .port_info 0 /INPUT 1 "rx";
    .port_info 1 /INPUT 1 "clock";
    .port_info 2 /INPUT 1 "reset";
    .port_info 3 /OUTPUT 8 "data";
    .port_info 4 /OUTPUT 1 "valid";
    .port_info 5 /OUTPUT 1 "busy";
P_0x55dc877a9090 .param/l "IF" 0 6 93, +C4<00000000000000000000000000000010>;
P_0x55dc877a90d0 .param/l "Mode" 0 6 96, +C4<00000000000000000000000000000000>;
P_0x55dc877a9110 .param/l "Parity" 0 6 97, +C4<00000000000000000000000000000000>;
P_0x55dc877a9150 .param/l "Precision" 0 6 98, +C4<00000000000000000000000000000000>;
P_0x55dc877a9190 .param/l "UF" 0 6 94, +C4<00000000000000000000000000000001>;
P_0x55dc877a91d0 .param/l "W" 0 6 95, +C4<00000000000000000000000000001000>;
v0x55dc877ac520_0 .net "busy", 0 0, v0x55dc877aaef0_0;  alias, 1 drivers
v0x55dc877ac5f0_0 .net "clock", 0 0, v0x55dc877bd1e0_0;  alias, 1 drivers
v0x55dc877ac6c0_0 .net "data", 7 0, v0x55dc877aac60_0;  alias, 1 drivers
v0x55dc877ac7e0_0 .net "reset", 0 0, v0x55dc877bd660_0;  alias, 1 drivers
v0x55dc877ac8d0_0 .net "rx", 0 0, v0x55dc877bb240_0;  alias, 1 drivers
v0x55dc877aca10_0 .net "uart_clock", 0 0, L_0x55dc877ceeb0;  1 drivers
v0x55dc877acab0_0 .net "valid", 0 0, v0x55dc877ab9f0_0;  alias, 1 drivers
S_0x55dc877a95c0 .scope module, "_deserializer" "uart_deserializer" 6 121, 7 7 0, S_0x55dc877a8eb0;
 .timescale 0 0;
    .port_info 0 /INPUT 1 "rx";
    .port_info 1 /INPUT 1 "clock";
    .port_info 2 /INPUT 1 "reset";
    .port_info 3 /OUTPUT 8 "data";
    .port_info 4 /OUTPUT 1 "valid";
    .port_info 5 /OUTPUT 1 "busy";
P_0x55dc877a97a0 .param/l "CouW" 1 7 18, +C4<00000000000000000000000000000000>;
P_0x55dc877a97e0 .param/l "DataW" 1 7 19, +C4<00000000000000000000000000000011>;
P_0x55dc877a9820 .param/l "Mode" 0 7 9, +C4<00000000000000000000000000000000>;
P_0x55dc877a9860 .param/l "Parity" 0 7 10, +C4<00000000000000000000000000000000>;
P_0x55dc877a98a0 .param/l "Precision" 0 7 11, +C4<00000000000000000000000000000000>;
P_0x55dc877a98e0 .param/l "S_BIT_READ" 1 7 42, +C4<00000000000000000000000000000100>;
P_0x55dc877a9920 .param/l "S_BIT_READ_DELAY" 1 7 41, +C4<00000000000000000000000000000011>;
P_0x55dc877a9960 .param/l "S_IDLE" 1 7 38, +C4<00000000000000000000000000000000>;
P_0x55dc877a99a0 .param/l "S_PARITY" 1 7 44, +C4<00000000000000000000000000000110>;
P_0x55dc877a99e0 .param/l "S_PARITY_DELAY" 1 7 43, +C4<00000000000000000000000000000101>;
P_0x55dc877a9a20 .param/l "S_START" 1 7 40, +C4<00000000000000000000000000000010>;
P_0x55dc877a9a60 .param/l "S_START_DELAY" 1 7 39, +C4<00000000000000000000000000000001>;
P_0x55dc877a9aa0 .param/l "S_STOP" 1 7 46, +C4<00000000000000000000000000001000>;
P_0x55dc877a9ae0 .param/l "S_STOP_DELAY" 1 7 45, +C4<00000000000000000000000000000111>;
P_0x55dc877a9b20 .param/l "TicksHalfTact" 1 7 17, +C4<00000000000000000000000000000000>;
P_0x55dc877a9b60 .param/l "TicksTact" 1 7 16, +C4<00000000000000000000000000000000>;
P_0x55dc877a9ba0 .param/l "W" 0 7 8, +C4<00000000000000000000000000001000>;
v0x55dc877aadf0_0 .var "bits_left", 2 0;
v0x55dc877aaef0_0 .var "busy", 0 0;
v0x55dc877aafb0_0 .net "clock", 0 0, L_0x55dc877ceeb0;  alias, 1 drivers
v0x55dc877ab080_0 .net "data", 7 0, v0x55dc877aac60_0;  alias, 1 drivers
v0x55dc877ab150_0 .var "n_bits_left", 2 0;
v0x55dc877ab240_0 .var "n_parity_bit", 0 0;
v0x55dc877ab300_0 .var "n_state", 3 0;
v0x55dc877ab3e0_0 .var "n_tick_counter", -1 0;
v0x55dc877ab4c0_0 .var "n_valid", 0 0;
v0x55dc877ab580_0 .var "parity_bit", 0 0;
v0x55dc877ab640_0 .net "reset", 0 0, v0x55dc877bd660_0;  alias, 1 drivers
v0x55dc877ab700_0 .net "rx", 0 0, v0x55dc877bb240_0;  alias, 1 drivers
v0x55dc877ab7a0_0 .var "state", 3 0;
v0x55dc877ab860_0 .var "store", 0 0;
v0x55dc877ab930_0 .var "tick_counter", -1 0;
v0x55dc877ab9f0_0 .var "valid", 0 0;
E_0x55dc876efde0/0 .event anyedge, v0x55dc877ab580_0, v0x55dc877ab9f0_0, v0x55dc877aadf0_0, v0x55dc877ab7a0_0;
E_0x55dc876efde0/1 .event anyedge, v0x55dc877aaad0_0;
E_0x55dc876efde0 .event/or E_0x55dc876efde0/0, E_0x55dc876efde0/1;
E_0x55dc876efc80 .event anyedge, v0x55dc877ab7a0_0, v0x55dc877aaad0_0, v0x55dc877aadf0_0, v0x55dc877ab580_0;
E_0x55dc876da820 .event posedge, v0x55dc877ab640_0, v0x55dc877aa9f0_0;
S_0x55dc877aa5b0 .scope module, "_received_data" "shift_register_l" 7 29, 8 34 0, S_0x55dc877a95c0;
 .timescale 0 0;
    .port_info 0 /INPUT 1 "in";
    .port_info 1 /INPUT 1 "load";
    .port_info 2 /INPUT 1 "clock";
    .port_info 3 /OUTPUT 8 "out";
P_0x55dc877a7140 .param/l "Mode" 0 8 36, +C4<00000000000000000000000000000001>;
P_0x55dc877a7180 .param/l "W" 0 8 35, +C4<00000000000000000000000000001000>;
v0x55dc877aa9f0_0 .net "clock", 0 0, L_0x55dc877ceeb0;  alias, 1 drivers
v0x55dc877aaad0_0 .net "in", 0 0, v0x55dc877bb240_0;  alias, 1 drivers
v0x55dc877aab90_0 .net "load", 0 0, v0x55dc877ab860_0;  1 drivers
v0x55dc877aac60_0 .var "out", 7 0;
E_0x55dc877aa970 .event posedge, v0x55dc877aa9f0_0;
S_0x55dc877abbb0 .scope module, "_divider" "clock_divider" 6 109, 9 50 0, S_0x55dc877a8eb0;
 .timescale 0 0;
    .port_info 0 /INPUT 1 "in";
    .port_info 1 /INPUT 1 "reset";
    .port_info 2 /OUTPUT 1 "out";
P_0x55dc8776c790 .param/l "IF" 0 9 51, +C4<00000000000000000000000000000010>;
P_0x55dc8776c7d0 .param/l "MiddleTick" 1 9 54, +C4<00000000000000000000000000000000>;
P_0x55dc8776c810 .param/l "OF" 0 9 52, +C4<00000000000000000000000000000010>;
P_0x55dc8776c850 .param/l "Scale" 0 9 53, +C4<00000000000000000000000000000001>;
v0x55dc877ac240_0 .net "in", 0 0, v0x55dc877bd1e0_0;  alias, 1 drivers
v0x55dc877ac320_0 .net "out", 0 0, L_0x55dc877ceeb0;  alias, 1 drivers
v0x55dc877ac430_0 .net "reset", 0 0, v0x55dc877bd660_0;  alias, 1 drivers
S_0x55dc877ac040 .scope generate, "trivial_scale" "trivial_scale" 9 59, 9 59 0, S_0x55dc877abbb0;
 .timescale 0 0;
L_0x55dc877ceeb0 .functor BUFZ 1, v0x55dc877bd1e0_0, C4<0>, C4<0>, C4<0>;
S_0x55dc877acbb0 .scope module, "transmitter" "uart_transmitter" 3 49, 10 74 0, S_0x55dc87782d50;
 .timescale 0 0;
    .port_info 0 /INPUT 16 "data";
    .port_info 1 /INPUT 1 "start";
    .port_info 2 /INPUT 1 "clock";
    .port_info 3 /INPUT 1 "reset";
    .port_info 4 /OUTPUT 1 "tx";
    .port_info 5 /OUTPUT 1 "busy";
P_0x55dc877acd90 .param/l "AdditionalStopbits" 0 10 80, +C4<00000000000000000000000000000000>;
P_0x55dc877acdd0 .param/l "IF" 0 10 75, +C4<00000000000000000000000000000010>;
P_0x55dc877ace10 .param/l "Mode" 0 10 78, +C4<00000000000000000000000000000000>;
P_0x55dc877ace50 .param/l "Parity" 0 10 79, +C4<00000000000000000000000000000000>;
P_0x55dc877ace90 .param/l "UF" 0 10 76, +C4<00000000000000000000000000000001>;
P_0x55dc877aced0 .param/l "W" 0 10 77, +C4<00000000000000000000000000010000>;
L_0x55dc877cf0f0 .functor OR 1, v0x55dc877bd660_0, L_0x55dc877cf020, C4<0>, C4<0>;
L_0x55dc877cfca0 .functor OR 1, v0x55dc877bd660_0, L_0x55dc877cfb70, C4<0>, C4<0>;
v0x55dc877b16d0_0 .net *"_ivl_1", 0 0, L_0x55dc877cf020;  1 drivers
v0x55dc877b17b0_0 .net *"_ivl_7", 0 0, L_0x55dc877cfb70;  1 drivers
v0x55dc877b1870_0 .net "busy", 0 0, v0x55dc877ae340_0;  alias, 1 drivers
v0x55dc877b1970_0 .net "clock", 0 0, v0x55dc877bd1e0_0;  alias, 1 drivers
v0x55dc877b1aa0_0 .net "data", 15 0, v0x55dc877b29a0_0;  1 drivers
v0x55dc877b1b40_0 .net "last_bit", 0 0, L_0x55dc877cf3d0;  1 drivers
v0x55dc877b1be0_0 .net "message_bit", 0 0, L_0x55dc877cf1b0;  1 drivers
v0x55dc877b1cd0_0 .net "reset", 0 0, v0x55dc877bd660_0;  alias, 1 drivers
v0x55dc877b1e00_0 .net "save", 0 0, v0x55dc877ae650_0;  1 drivers
v0x55dc877b1f30_0 .net "sender_finished", 0 0, L_0x55dc877cfa00;  1 drivers
v0x55dc877b1fd0_0 .net "shift", 0 0, L_0x55dc877cf7d0;  1 drivers
v0x55dc877b20c0_0 .net "slow_mode", 0 0, v0x55dc877ae820_0;  1 drivers
v0x55dc877b2160_0 .net "start", 0 0, v0x55dc877b3080_0;  1 drivers
v0x55dc877b2200_0 .net "tx", 0 0, v0x55dc877b05e0_0;  alias, 1 drivers
v0x55dc877b22a0_0 .net "uclock", 0 0, v0x55dc877adb30_0;  1 drivers
L_0x55dc877cf020 .reduce/nor v0x55dc877ae820_0;
L_0x55dc877cf510 .functor MUXZ 1, v0x55dc877bd1e0_0, v0x55dc877adb30_0, v0x55dc877ae820_0, C4<>;
L_0x55dc877cfb70 .reduce/nor v0x55dc877ae820_0;
S_0x55dc877ad2c0 .scope module, "_divider" "clock_divider" 10 91, 9 50 0, S_0x55dc877acbb0;
 .timescale 0 0;
    .port_info 0 /INPUT 1 "in";
    .port_info 1 /INPUT 1 "reset";
    .port_info 2 /OUTPUT 1 "out";
P_0x55dc8776b9f0 .param/l "IF" 0 9 51, +C4<00000000000000000000000000000010>;
P_0x55dc8776ba30 .param/l "MiddleTick" 1 9 54, +C4<00000000000000000000000000000001>;
P_0x55dc8776ba70 .param/l "OF" 0 9 52, +C4<00000000000000000000000000000001>;
P_0x55dc8776bab0 .param/l "Scale" 0 9 53, +C4<00000000000000000000000000000010>;
v0x55dc877adbf0_0 .net "in", 0 0, v0x55dc877bd1e0_0;  alias, 1 drivers
v0x55dc877add00_0 .net "out", 0 0, v0x55dc877adb30_0;  alias, 1 drivers
v0x55dc877addc0_0 .net "reset", 0 0, L_0x55dc877cf0f0;  1 drivers
S_0x55dc877ad6e0 .scope generate, "nontrivial_scale" "nontrivial_scale" 9 59, 9 59 0, S_0x55dc877ad2c0;
 .timescale 0 0;
P_0x55dc877ad8e0 .param/l "TickW" 1 9 65, +C4<00000000000000000000000000000001>;
v0x55dc877ada30_0 .var "tickreg", 0 0;
v0x55dc877adb30_0 .var "to_out", 0 0;
E_0x55dc877ad9b0 .event posedge, v0x55dc877addc0_0, v0x55dc877ac240_0;
S_0x55dc877adee0 .scope module, "_fsm" "uart_transmitter_fsm" 10 111, 11 7 0, S_0x55dc877acbb0;
 .timescale 0 0;
    .port_info 0 /INPUT 1 "start";
    .port_info 1 /INPUT 1 "sender_finished";
    .port_info 2 /INPUT 1 "clock";
    .port_info 3 /INPUT 1 "reset";
    .port_info 4 /OUTPUT 1 "busy";
    .port_info 5 /OUTPUT 1 "slow_mode";
    .port_info 6 /OUTPUT 1 "save";
P_0x55dc876b7c70 .param/l "S_IDLE" 1 11 12, +C4<00000000000000000000000000000000>;
P_0x55dc876b7cb0 .param/l "S_SEND" 1 11 14, +C4<00000000000000000000000000000010>;
P_0x55dc876b7cf0 .param/l "S_STOP_SAVE" 1 11 13, +C4<00000000000000000000000000000001>;
v0x55dc877ae340_0 .var "busy", 0 0;
v0x55dc877ae420_0 .net "clock", 0 0, v0x55dc877bd1e0_0;  alias, 1 drivers
v0x55dc877ae4e0_0 .var "n_state", 1 0;
v0x55dc877ae5b0_0 .net "reset", 0 0, v0x55dc877bd660_0;  alias, 1 drivers
v0x55dc877ae650_0 .var "save", 0 0;
v0x55dc877ae760_0 .net "sender_finished", 0 0, L_0x55dc877cfa00;  alias, 1 drivers
v0x55dc877ae820_0 .var "slow_mode", 0 0;
v0x55dc877ae8e0_0 .net "start", 0 0, v0x55dc877b3080_0;  alias, 1 drivers
v0x55dc877ae9a0_0 .var "state", 1 0;
E_0x55dc877ae280 .event anyedge, v0x55dc877ae9a0_0, v0x55dc877ae8e0_0, v0x55dc877ae760_0;
E_0x55dc877ae2e0 .event posedge, v0x55dc877ab640_0, v0x55dc877ac240_0;
S_0x55dc877aeba0 .scope module, "_sender" "uart_transmitter_sender" 10 125, 12 7 0, S_0x55dc877acbb0;
 .timescale 0 0;
    .port_info 0 /INPUT 1 "message_bit";
    .port_info 1 /INPUT 1 "last_bit";
    .port_info 2 /INPUT 1 "clock";
    .port_info 3 /INPUT 1 "reset";
    .port_info 4 /OUTPUT 1 "shift";
    .port_info 5 /OUTPUT 1 "tx";
    .port_info 6 /OUTPUT 1 "finished";
P_0x55dc877aed30 .param/l "AdditionalStopbits" 0 12 9, +C4<00000000000000000000000000000000>;
P_0x55dc877aed70 .param/l "Parity" 0 12 8, +C4<00000000000000000000000000000000>;
P_0x55dc877aedb0 .param/l "SCW" 1 12 37, +C4<00000000000000000000000000000001>;
P_0x55dc877aedf0 .param/l "S_DATA" 1 12 19, +C4<00000000000000000000000000000010>;
P_0x55dc877aee30 .param/l "S_FINISH" 1 12 22, +C4<00000000000000000000000000000101>;
P_0x55dc877aee70 .param/l "S_IDLE" 1 12 17, +C4<00000000000000000000000000000000>;
P_0x55dc877aeeb0 .param/l "S_PARITY" 1 12 20, +C4<00000000000000000000000000000011>;
P_0x55dc877aeef0 .param/l "S_START" 1 12 18, +C4<00000000000000000000000000000001>;
P_0x55dc877aef30 .param/l "S_STOP" 1 12 21, +C4<00000000000000000000000000000100>;
v0x55dc877af740_0 .net *"_ivl_0", 31 0, L_0x55dc877cf640;  1 drivers
L_0x7f83f7d022e8 .functor BUFT 1, C4<00000000000000000000000000000>, C4<0>, C4<0>, C4<0>;
v0x55dc877af820_0 .net *"_ivl_11", 28 0, L_0x7f83f7d022e8;  1 drivers
L_0x7f83f7d02330 .functor BUFT 1, C4<00000000000000000000000000000101>, C4<0>, C4<0>, C4<0>;
v0x55dc877af900_0 .net/2u *"_ivl_12", 31 0, L_0x7f83f7d02330;  1 drivers
L_0x7f83f7d02258 .functor BUFT 1, C4<00000000000000000000000000000>, C4<0>, C4<0>, C4<0>;
v0x55dc877af9c0_0 .net *"_ivl_3", 28 0, L_0x7f83f7d02258;  1 drivers
L_0x7f83f7d022a0 .functor BUFT 1, C4<00000000000000000000000000000010>, C4<0>, C4<0>, C4<0>;
v0x55dc877afaa0_0 .net/2u *"_ivl_4", 31 0, L_0x7f83f7d022a0;  1 drivers
v0x55dc877afbd0_0 .net *"_ivl_8", 31 0, L_0x55dc877cf8c0;  1 drivers
v0x55dc877afcb0_0 .net "clock", 0 0, v0x55dc877adb30_0;  alias, 1 drivers
v0x55dc877afd50_0 .net "finished", 0 0, L_0x55dc877cfa00;  alias, 1 drivers
v0x55dc877afe20_0 .net "last_bit", 0 0, L_0x55dc877cf3d0;  alias, 1 drivers
v0x55dc877afec0_0 .net "message_bit", 0 0, L_0x55dc877cf1b0;  alias, 1 drivers
v0x55dc877aff60_0 .var "n_parity_bit", 0 0;
v0x55dc877b0020_0 .var "n_state", 2 0;
v0x55dc877b0100_0 .var "n_stopbits_remain", 0 0;
v0x55dc877b01e0_0 .var "parity_bit", 0 0;
v0x55dc877b02a0_0 .net "reset", 0 0, L_0x55dc877cfca0;  1 drivers
v0x55dc877b0360_0 .net "shift", 0 0, L_0x55dc877cf7d0;  alias, 1 drivers
v0x55dc877b0420_0 .var "state", 2 0;
v0x55dc877b0500_0 .var "stopbits_remain", 0 0;
v0x55dc877b05e0_0 .var "tx", 0 0;
E_0x55dc877af490 .event anyedge, v0x55dc877b0420_0, v0x55dc877afec0_0, v0x55dc877b01e0_0;
E_0x55dc877af4f0 .event anyedge, v0x55dc877b0420_0, v0x55dc877b0500_0;
E_0x55dc877af550 .event anyedge, v0x55dc877b01e0_0, v0x55dc877b0420_0, v0x55dc877afec0_0;
E_0x55dc877af5b0 .event anyedge, v0x55dc877b0420_0, v0x55dc877afe20_0, v0x55dc877b0500_0;
E_0x55dc877af640 .event posedge, v0x55dc877add00_0;
E_0x55dc877af6a0 .event posedge, v0x55dc877b02a0_0, v0x55dc877add00_0;
L_0x55dc877cf640 .concat [ 3 29 0 0], v0x55dc877b0420_0, L_0x7f83f7d02258;
L_0x55dc877cf7d0 .cmp/eq 32, L_0x55dc877cf640, L_0x7f83f7d022a0;
L_0x55dc877cf8c0 .concat [ 3 29 0 0], v0x55dc877b0420_0, L_0x7f83f7d022e8;
L_0x55dc877cfa00 .cmp/eq 32, L_0x55dc877cf8c0, L_0x7f83f7d02330;
S_0x55dc877b07c0 .scope module, "_uart_message" "serializer" 10 101, 13 44 0, S_0x55dc877acbb0;
 .timescale 0 0;
    .port_info 0 /INPUT 16 "in";
    .port_info 1 /INPUT 1 "save";
    .port_info 2 /INPUT 1 "shift";
    .port_info 3 /INPUT 1 "clock";
    .port_info 4 /OUTPUT 1 "out";
    .port_info 5 /OUTPUT 1 "last_bit";
P_0x55dc877b0950 .param/l "CW" 1 13 51, +C4<00000000000000000000000000000100>;
P_0x55dc877b0990 .param/l "Mode" 0 13 46, +C4<00000000000000000000000000000000>;
P_0x55dc877b09d0 .param/l "W" 0 13 45, +C4<00000000000000000000000000010000>;
v0x55dc877b0cc0_0 .net *"_ivl_2", 31 0, L_0x55dc877cf250;  1 drivers
L_0x7f83f7d021c8 .functor BUFT 1, C4<0000000000000000000000000000>, C4<0>, C4<0>, C4<0>;
v0x55dc877b0dc0_0 .net *"_ivl_5", 27 0, L_0x7f83f7d021c8;  1 drivers
L_0x7f83f7d02210 .functor BUFT 1, C4<00000000000000000000000000000000>, C4<0>, C4<0>, C4<0>;
v0x55dc877b0ea0_0 .net/2u *"_ivl_6", 31 0, L_0x7f83f7d02210;  1 drivers
v0x55dc877b0f90_0 .var "bits_left", 3 0;
v0x55dc877b1070_0 .net "clock", 0 0, L_0x55dc877cf510;  1 drivers
v0x55dc877b1180_0 .net "in", 15 0, v0x55dc877b29a0_0;  alias, 1 drivers
v0x55dc877b1260_0 .net "last_bit", 0 0, L_0x55dc877cf3d0;  alias, 1 drivers
v0x55dc877b1300_0 .net "out", 0 0, L_0x55dc877cf1b0;  alias, 1 drivers
v0x55dc877b13d0_0 .net "save", 0 0, v0x55dc877ae650_0;  alias, 1 drivers
v0x55dc877b14a0_0 .net "shift", 0 0, L_0x55dc877cf7d0;  alias, 1 drivers
v0x55dc877b1570_0 .var "stored", 15 0;
E_0x55dc877b0c40 .event posedge, v0x55dc877b1070_0;
L_0x55dc877cf1b0 .part v0x55dc877b1570_0, 0, 1;
L_0x55dc877cf250 .concat [ 4 28 0 0], v0x55dc877b0f90_0, L_0x7f83f7d021c8;
L_0x55dc877cf3d0 .cmp/eq 32, L_0x55dc877cf250, L_0x7f83f7d02210;
S_0x55dc877b3690 .scope module, "receiver" "uart_receiver" 2 51, 6 92 0, S_0x55dc8775e300;
 .timescale 0 0;
    .port_info 0 /INPUT 1 "rx";
    .port_info 1 /INPUT 1 "clock";
    .port_info 2 /INPUT 1 "reset";
    .port_info 3 /OUTPUT 16 "data";
    .port_info 4 /OUTPUT 1 "valid";
    .port_info 5 /OUTPUT 1 "busy";
P_0x55dc877b3890 .param/l "IF" 0 6 93, +C4<00000000000000000000000000000010>;
P_0x55dc877b38d0 .param/l "Mode" 0 6 96, +C4<00000000000000000000000000000000>;
P_0x55dc877b3910 .param/l "Parity" 0 6 97, +C4<00000000000000000000000000000000>;
P_0x55dc877b3950 .param/l "Precision" 0 6 98, +C4<00000000000000000000000000000000>;
P_0x55dc877b3990 .param/l "UF" 0 6 94, +C4<00000000000000000000000000000001>;
P_0x55dc877b39d0 .param/l "W" 0 6 95, +C4<00000000000000000000000000010000>;
v0x55dc877b6e00_0 .net "busy", 0 0, v0x55dc877b56e0_0;  alias, 1 drivers
v0x55dc877b6ed0_0 .net "clock", 0 0, v0x55dc877bd1e0_0;  alias, 1 drivers
v0x55dc877b6f70_0 .net "data", 15 0, v0x55dc877b5470_0;  alias, 1 drivers
v0x55dc877b7090_0 .net "reset", 0 0, v0x55dc877bd660_0;  alias, 1 drivers
v0x55dc877b7240_0 .net "rx", 0 0, v0x55dc877b05e0_0;  alias, 1 drivers
v0x55dc877b7330_0 .net "uart_clock", 0 0, L_0x55dc877d0ad0;  1 drivers
v0x55dc877b73d0_0 .net "valid", 0 0, v0x55dc877b6240_0;  alias, 1 drivers
S_0x55dc877b3cd0 .scope module, "_deserializer" "uart_deserializer" 6 121, 7 7 0, S_0x55dc877b3690;
 .timescale 0 0;
    .port_info 0 /INPUT 1 "rx";
    .port_info 1 /INPUT 1 "clock";
    .port_info 2 /INPUT 1 "reset";
    .port_info 3 /OUTPUT 16 "data";
    .port_info 4 /OUTPUT 1 "valid";
    .port_info 5 /OUTPUT 1 "busy";
P_0x55dc877b3eb0 .param/l "CouW" 1 7 18, +C4<00000000000000000000000000000000>;
P_0x55dc877b3ef0 .param/l "DataW" 1 7 19, +C4<00000000000000000000000000000100>;
P_0x55dc877b3f30 .param/l "Mode" 0 7 9, +C4<00000000000000000000000000000000>;
P_0x55dc877b3f70 .param/l "Parity" 0 7 10, +C4<00000000000000000000000000000000>;
P_0x55dc877b3fb0 .param/l "Precision" 0 7 11, +C4<00000000000000000000000000000000>;
P_0x55dc877b3ff0 .param/l "S_BIT_READ" 1 7 42, +C4<00000000000000000000000000000100>;
P_0x55dc877b4030 .param/l "S_BIT_READ_DELAY" 1 7 41, +C4<00000000000000000000000000000011>;
P_0x55dc877b4070 .param/l "S_IDLE" 1 7 38, +C4<00000000000000000000000000000000>;
P_0x55dc877b40b0 .param/l "S_PARITY" 1 7 44, +C4<00000000000000000000000000000110>;
P_0x55dc877b40f0 .param/l "S_PARITY_DELAY" 1 7 43, +C4<00000000000000000000000000000101>;
P_0x55dc877b4130 .param/l "S_START" 1 7 40, +C4<00000000000000000000000000000010>;
P_0x55dc877b4170 .param/l "S_START_DELAY" 1 7 39, +C4<00000000000000000000000000000001>;
P_0x55dc877b41b0 .param/l "S_STOP" 1 7 46, +C4<00000000000000000000000000001000>;
P_0x55dc877b41f0 .param/l "S_STOP_DELAY" 1 7 45, +C4<00000000000000000000000000000111>;
P_0x55dc877b4230 .param/l "TicksHalfTact" 1 7 17, +C4<00000000000000000000000000000000>;
P_0x55dc877b4270 .param/l "TicksTact" 1 7 16, +C4<00000000000000000000000000000000>;
P_0x55dc877b42b0 .param/l "W" 0 7 8, +C4<00000000000000000000000000010000>;
v0x55dc877b55e0_0 .var "bits_left", 3 0;
v0x55dc877b56e0_0 .var "busy", 0 0;
v0x55dc877b57a0_0 .net "clock", 0 0, L_0x55dc877d0ad0;  alias, 1 drivers
v0x55dc877b5870_0 .net "data", 15 0, v0x55dc877b5470_0;  alias, 1 drivers
v0x55dc877b5940_0 .var "n_bits_left", 3 0;
v0x55dc877b5a30_0 .var "n_parity_bit", 0 0;
v0x55dc877b5af0_0 .var "n_state", 3 0;
v0x55dc877b5bd0_0 .var "n_tick_counter", -1 0;
v0x55dc877b5cb0_0 .var "n_valid", 0 0;
v0x55dc877b5d70_0 .var "parity_bit", 0 0;
v0x55dc877b5e30_0 .net "reset", 0 0, v0x55dc877bd660_0;  alias, 1 drivers
v0x55dc877b5ed0_0 .net "rx", 0 0, v0x55dc877b05e0_0;  alias, 1 drivers
v0x55dc877b6000_0 .var "state", 3 0;
v0x55dc877b60e0_0 .var "store", 0 0;
v0x55dc877b6180_0 .var "tick_counter", -1 0;
v0x55dc877b6240_0 .var "valid", 0 0;
E_0x55dc877b4c60/0 .event anyedge, v0x55dc877b5d70_0, v0x55dc877b6240_0, v0x55dc877b55e0_0, v0x55dc877b6000_0;
E_0x55dc877b4c60/1 .event anyedge, v0x55dc877b05e0_0;
E_0x55dc877b4c60 .event/or E_0x55dc877b4c60/0, E_0x55dc877b4c60/1;
E_0x55dc877b4cf0 .event anyedge, v0x55dc877b6000_0, v0x55dc877b05e0_0, v0x55dc877b55e0_0, v0x55dc877b5d70_0;
E_0x55dc877b4d60 .event posedge, v0x55dc877ab640_0, v0x55dc877b5200_0;
S_0x55dc877b4dc0 .scope module, "_received_data" "shift_register_l" 7 29, 8 34 0, S_0x55dc877b3cd0;
 .timescale 0 0;
    .port_info 0 /INPUT 1 "in";
    .port_info 1 /INPUT 1 "load";
    .port_info 2 /INPUT 1 "clock";
    .port_info 3 /OUTPUT 16 "out";
P_0x55dc877b2b50 .param/l "Mode" 0 8 36, +C4<00000000000000000000000000000001>;
P_0x55dc877b2b90 .param/l "W" 0 8 35, +C4<00000000000000000000000000010000>;
v0x55dc877b5200_0 .net "clock", 0 0, L_0x55dc877d0ad0;  alias, 1 drivers
v0x55dc877b52e0_0 .net "in", 0 0, v0x55dc877b05e0_0;  alias, 1 drivers
v0x55dc877b53a0_0 .net "load", 0 0, v0x55dc877b60e0_0;  1 drivers
v0x55dc877b5470_0 .var "out", 15 0;
E_0x55dc877b5180 .event posedge, v0x55dc877b5200_0;
S_0x55dc877b6400 .scope module, "_divider" "clock_divider" 6 109, 9 50 0, S_0x55dc877b3690;
 .timescale 0 0;
    .port_info 0 /INPUT 1 "in";
    .port_info 1 /INPUT 1 "reset";
    .port_info 2 /OUTPUT 1 "out";
P_0x55dc877b65b0 .param/l "IF" 0 9 51, +C4<00000000000000000000000000000010>;
P_0x55dc877b65f0 .param/l "MiddleTick" 1 9 54, +C4<00000000000000000000000000000000>;
P_0x55dc877b6630 .param/l "OF" 0 9 52, +C4<00000000000000000000000000000010>;
P_0x55dc877b6670 .param/l "Scale" 0 9 53, +C4<00000000000000000000000000000001>;
v0x55dc877b6b50_0 .net "in", 0 0, v0x55dc877bd1e0_0;  alias, 1 drivers
v0x55dc877b6c10_0 .net "out", 0 0, L_0x55dc877d0ad0;  alias, 1 drivers
v0x55dc877b6d20_0 .net "reset", 0 0, v0x55dc877bd660_0;  alias, 1 drivers
S_0x55dc877b6950 .scope generate, "trivial_scale" "trivial_scale" 9 59, 9 59 0, S_0x55dc877b6400;
 .timescale 0 0;
L_0x55dc877d0ad0 .functor BUFZ 1, v0x55dc877bd1e0_0, C4<0>, C4<0>, C4<0>;
S_0x55dc877b74f0 .scope module, "transmitter" "uart_transmitter" 2 20, 10 74 0, S_0x55dc8775e300;
 .timescale 0 0;
    .port_info 0 /INPUT 8 "data";
    .port_info 1 /INPUT 1 "start";
    .port_info 2 /INPUT 1 "clock";
    .port_info 3 /INPUT 1 "reset";
    .port_info 4 /OUTPUT 1 "tx";
    .port_info 5 /OUTPUT 1 "busy";
P_0x55dc877b76d0 .param/l "AdditionalStopbits" 0 10 80, +C4<00000000000000000000000000000000>;
P_0x55dc877b7710 .param/l "IF" 0 10 75, +C4<00000000000000000000000000000010>;
P_0x55dc877b7750 .param/l "Mode" 0 10 78, +C4<00000000000000000000000000000000>;
P_0x55dc877b7790 .param/l "Parity" 0 10 79, +C4<00000000000000000000000000000000>;
P_0x55dc877b77d0 .param/l "UF" 0 10 76, +C4<00000000000000000000000000000001>;
P_0x55dc877b7810 .param/l "W" 0 10 77, +C4<00000000000000000000000000001000>;
L_0x55dc87774bb0 .functor OR 1, v0x55dc877bd660_0, L_0x55dc877bdcc0, C4<0>, C4<0>;
L_0x55dc8776f6b0 .functor OR 1, v0x55dc877bd660_0, L_0x55dc877ce760, C4<0>, C4<0>;
v0x55dc877bc2c0_0 .net *"_ivl_1", 0 0, L_0x55dc877bdcc0;  1 drivers
v0x55dc877bc3a0_0 .net *"_ivl_7", 0 0, L_0x55dc877ce760;  1 drivers
v0x55dc877bc460_0 .net "busy", 0 0, v0x55dc877b8f20_0;  alias, 1 drivers
v0x55dc877bc560_0 .net "clock", 0 0, v0x55dc877bd1e0_0;  alias, 1 drivers
v0x55dc877bc600_0 .net "data", 7 0, v0x55dc877bd370_0;  1 drivers
v0x55dc877bc6a0_0 .net "last_bit", 0 0, L_0x55dc877cdfe0;  1 drivers
v0x55dc877bc790_0 .net "message_bit", 0 0, L_0x55dc877bde20;  1 drivers
v0x55dc877bc880_0 .net "reset", 0 0, v0x55dc877bd660_0;  alias, 1 drivers
v0x55dc877bc920_0 .net "save", 0 0, v0x55dc877b9230_0;  1 drivers
v0x55dc877bca50_0 .net "sender_finished", 0 0, L_0x55dc877ce5f0;  1 drivers
v0x55dc877bcb40_0 .net "shift", 0 0, L_0x55dc877ce320;  1 drivers
v0x55dc877bcc30_0 .net "slow_mode", 0 0, v0x55dc877b9400_0;  1 drivers
v0x55dc877bccd0_0 .net "start", 0 0, v0x55dc877bd830_0;  1 drivers
v0x55dc877bcd70_0 .net "tx", 0 0, v0x55dc877bb240_0;  alias, 1 drivers
v0x55dc877bce10_0 .net "uclock", 0 0, v0x55dc877b85b0_0;  1 drivers
L_0x55dc877bdcc0 .reduce/nor v0x55dc877b9400_0;
L_0x55dc877ce120 .functor MUXZ 1, v0x55dc877bd1e0_0, v0x55dc877b85b0_0, v0x55dc877b9400_0, C4<>;
L_0x55dc877ce760 .reduce/nor v0x55dc877b9400_0;
S_0x55dc877b7c00 .scope module, "_divider" "clock_divider" 10 91, 9 50 0, S_0x55dc877b74f0;
 .timescale 0 0;
    .port_info 0 /INPUT 1 "in";
    .port_info 1 /INPUT 1 "reset";
    .port_info 2 /OUTPUT 1 "out";
P_0x55dc877b7de0 .param/l "IF" 0 9 51, +C4<00000000000000000000000000000010>;
P_0x55dc877b7e20 .param/l "MiddleTick" 1 9 54, +C4<00000000000000000000000000000001>;
P_0x55dc877b7e60 .param/l "OF" 0 9 52, +C4<00000000000000000000000000000001>;
P_0x55dc877b7ea0 .param/l "Scale" 0 9 53, +C4<00000000000000000000000000000010>;
v0x55dc877b8670_0 .net "in", 0 0, v0x55dc877bd1e0_0;  alias, 1 drivers
v0x55dc877b8840_0 .net "out", 0 0, v0x55dc877b85b0_0;  alias, 1 drivers
v0x55dc877b8900_0 .net "reset", 0 0, L_0x55dc87774bb0;  1 drivers
S_0x55dc877b8160 .scope generate, "nontrivial_scale" "nontrivial_scale" 9 59, 9 59 0, S_0x55dc877b7c00;
 .timescale 0 0;
P_0x55dc877b8360 .param/l "TickW" 1 9 65, +C4<00000000000000000000000000000001>;
v0x55dc877b84b0_0 .var "tickreg", 0 0;
v0x55dc877b85b0_0 .var "to_out", 0 0;
E_0x55dc877b8430 .event posedge, v0x55dc877b8900_0, v0x55dc877ac240_0;
S_0x55dc877b8a50 .scope module, "_fsm" "uart_transmitter_fsm" 10 111, 11 7 0, S_0x55dc877b74f0;
 .timescale 0 0;
    .port_info 0 /INPUT 1 "start";
    .port_info 1 /INPUT 1 "sender_finished";
    .port_info 2 /INPUT 1 "clock";
    .port_info 3 /INPUT 1 "reset";
    .port_info 4 /OUTPUT 1 "busy";
    .port_info 5 /OUTPUT 1 "slow_mode";
    .port_info 6 /OUTPUT 1 "save";
P_0x55dc877b8c30 .param/l "S_IDLE" 1 11 12, +C4<00000000000000000000000000000000>;
P_0x55dc877b8c70 .param/l "S_SEND" 1 11 14, +C4<00000000000000000000000000000010>;
P_0x55dc877b8cb0 .param/l "S_STOP_SAVE" 1 11 13, +C4<00000000000000000000000000000001>;
v0x55dc877b8f20_0 .var "busy", 0 0;
v0x55dc877b9000_0 .net "clock", 0 0, v0x55dc877bd1e0_0;  alias, 1 drivers
v0x55dc877b90c0_0 .var "n_state", 1 0;
v0x55dc877b9190_0 .net "reset", 0 0, v0x55dc877bd660_0;  alias, 1 drivers
v0x55dc877b9230_0 .var "save", 0 0;
v0x55dc877b9340_0 .net "sender_finished", 0 0, L_0x55dc877ce5f0;  alias, 1 drivers
v0x55dc877b9400_0 .var "slow_mode", 0 0;
v0x55dc877b94c0_0 .net "start", 0 0, v0x55dc877bd830_0;  alias, 1 drivers
v0x55dc877b9580_0 .var "state", 1 0;
E_0x55dc877b8ec0 .event anyedge, v0x55dc877b9580_0, v0x55dc877b94c0_0, v0x55dc877b9340_0;
S_0x55dc877b9780 .scope module, "_sender" "uart_transmitter_sender" 10 125, 12 7 0, S_0x55dc877b74f0;
 .timescale 0 0;
    .port_info 0 /INPUT 1 "message_bit";
    .port_info 1 /INPUT 1 "last_bit";
    .port_info 2 /INPUT 1 "clock";
    .port_info 3 /INPUT 1 "reset";
    .port_info 4 /OUTPUT 1 "shift";
    .port_info 5 /OUTPUT 1 "tx";
    .port_info 6 /OUTPUT 1 "finished";
P_0x55dc877b9910 .param/l "AdditionalStopbits" 0 12 9, +C4<00000000000000000000000000000000>;
P_0x55dc877b9950 .param/l "Parity" 0 12 8, +C4<00000000000000000000000000000000>;
P_0x55dc877b9990 .param/l "SCW" 1 12 37, +C4<00000000000000000000000000000001>;
P_0x55dc877b99d0 .param/l "S_DATA" 1 12 19, +C4<00000000000000000000000000000010>;
P_0x55dc877b9a10 .param/l "S_FINISH" 1 12 22, +C4<00000000000000000000000000000101>;
P_0x55dc877b9a50 .param/l "S_IDLE" 1 12 17, +C4<00000000000000000000000000000000>;
P_0x55dc877b9a90 .param/l "S_PARITY" 1 12 20, +C4<00000000000000000000000000000011>;
P_0x55dc877b9ad0 .param/l "S_START" 1 12 18, +C4<00000000000000000000000000000001>;
P_0x55dc877b9b10 .param/l "S_STOP" 1 12 21, +C4<00000000000000000000000000000100>;
v0x55dc877ba290_0 .net *"_ivl_0", 31 0, L_0x55dc877ce250;  1 drivers
L_0x7f83f7d02138 .functor BUFT 1, C4<00000000000000000000000000000>, C4<0>, C4<0>, C4<0>;
v0x55dc877ba370_0 .net *"_ivl_11", 28 0, L_0x7f83f7d02138;  1 drivers
L_0x7f83f7d02180 .functor BUFT 1, C4<00000000000000000000000000000101>, C4<0>, C4<0>, C4<0>;
v0x55dc877ba450_0 .net/2u *"_ivl_12", 31 0, L_0x7f83f7d02180;  1 drivers
L_0x7f83f7d020a8 .functor BUFT 1, C4<00000000000000000000000000000>, C4<0>, C4<0>, C4<0>;
v0x55dc877ba510_0 .net *"_ivl_3", 28 0, L_0x7f83f7d020a8;  1 drivers
L_0x7f83f7d020f0 .functor BUFT 1, C4<00000000000000000000000000000010>, C4<0>, C4<0>, C4<0>;
v0x55dc877ba5f0_0 .net/2u *"_ivl_4", 31 0, L_0x7f83f7d020f0;  1 drivers
v0x55dc877ba720_0 .net *"_ivl_8", 31 0, L_0x55dc877ce460;  1 drivers
v0x55dc877ba800_0 .net "clock", 0 0, v0x55dc877b85b0_0;  alias, 1 drivers
v0x55dc877ba8a0_0 .net "finished", 0 0, L_0x55dc877ce5f0;  alias, 1 drivers
v0x55dc877ba970_0 .net "last_bit", 0 0, L_0x55dc877cdfe0;  alias, 1 drivers
v0x55dc877baa10_0 .net "message_bit", 0 0, L_0x55dc877bde20;  alias, 1 drivers
v0x55dc877baab0_0 .var "n_parity_bit", 0 0;
v0x55dc877bab70_0 .var "n_state", 2 0;
v0x55dc877bac50_0 .var "n_stopbits_remain", 0 0;
v0x55dc877bad30_0 .var "parity_bit", 0 0;
v0x55dc877badf0_0 .net "reset", 0 0, L_0x55dc8776f6b0;  1 drivers
v0x55dc877baeb0_0 .net "shift", 0 0, L_0x55dc877ce320;  alias, 1 drivers
v0x55dc877baf70_0 .var "state", 2 0;
v0x55dc877bb160_0 .var "stopbits_remain", 0 0;
v0x55dc877bb240_0 .var "tx", 0 0;
E_0x55dc877b9fe0 .event anyedge, v0x55dc877baf70_0, v0x55dc877baa10_0, v0x55dc877bad30_0;
E_0x55dc877ba040 .event anyedge, v0x55dc877baf70_0, v0x55dc877bb160_0;
E_0x55dc877ba0a0 .event anyedge, v0x55dc877bad30_0, v0x55dc877baf70_0, v0x55dc877baa10_0;
E_0x55dc877ba100 .event anyedge, v0x55dc877baf70_0, v0x55dc877ba970_0, v0x55dc877bb160_0;
E_0x55dc877ba190 .event posedge, v0x55dc877b8840_0;
E_0x55dc877ba1f0 .event posedge, v0x55dc877badf0_0, v0x55dc877b8840_0;
L_0x55dc877ce250 .concat [ 3 29 0 0], v0x55dc877baf70_0, L_0x7f83f7d020a8;
L_0x55dc877ce320 .cmp/eq 32, L_0x55dc877ce250, L_0x7f83f7d020f0;
L_0x55dc877ce460 .concat [ 3 29 0 0], v0x55dc877baf70_0, L_0x7f83f7d02138;
L_0x55dc877ce5f0 .cmp/eq 32, L_0x55dc877ce460, L_0x7f83f7d02180;
S_0x55dc877bb400 .scope module, "_uart_message" "serializer" 10 101, 13 44 0, S_0x55dc877b74f0;
 .timescale 0 0;
    .port_info 0 /INPUT 8 "in";
    .port_info 1 /INPUT 1 "save";
    .port_info 2 /INPUT 1 "shift";
    .port_info 3 /INPUT 1 "clock";
    .port_info 4 /OUTPUT 1 "out";
    .port_info 5 /OUTPUT 1 "last_bit";
P_0x55dc877bb590 .param/l "CW" 1 13 51, +C4<00000000000000000000000000000011>;
P_0x55dc877bb5d0 .param/l "Mode" 0 13 46, +C4<00000000000000000000000000000000>;
P_0x55dc877bb610 .param/l "W" 0 13 45, +C4<00000000000000000000000000001000>;
v0x55dc877bb900_0 .net *"_ivl_2", 31 0, L_0x55dc877bdec0;  1 drivers
L_0x7f83f7d02018 .functor BUFT 1, C4<00000000000000000000000000000>, C4<0>, C4<0>, C4<0>;
v0x55dc877bba00_0 .net *"_ivl_5", 28 0, L_0x7f83f7d02018;  1 drivers
L_0x7f83f7d02060 .functor BUFT 1, C4<00000000000000000000000000000000>, C4<0>, C4<0>, C4<0>;
v0x55dc877bbae0_0 .net/2u *"_ivl_6", 31 0, L_0x7f83f7d02060;  1 drivers
v0x55dc877bbbd0_0 .var "bits_left", 2 0;
v0x55dc877bbcb0_0 .net "clock", 0 0, L_0x55dc877ce120;  1 drivers
v0x55dc877bbd70_0 .net "in", 7 0, v0x55dc877bd370_0;  alias, 1 drivers
v0x55dc877bbe50_0 .net "last_bit", 0 0, L_0x55dc877cdfe0;  alias, 1 drivers
v0x55dc877bbef0_0 .net "out", 0 0, L_0x55dc877bde20;  alias, 1 drivers
v0x55dc877bbfc0_0 .net "save", 0 0, v0x55dc877b9230_0;  alias, 1 drivers
v0x55dc877bc090_0 .net "shift", 0 0, L_0x55dc877ce320;  alias, 1 drivers
v0x55dc877bc160_0 .var "stored", 7 0;
E_0x55dc877bb880 .event posedge, v0x55dc877bbcb0_0;
L_0x55dc877bde20 .part v0x55dc877bc160_0, 0, 1;
L_0x55dc877bdec0 .concat [ 3 29 0 0], v0x55dc877bbbd0_0, L_0x7f83f7d02018;
L_0x55dc877cdfe0 .cmp/eq 32, L_0x55dc877bdec0, L_0x7f83f7d02060;
    .scope S_0x55dc877b8160;
T_0 ;
    %wait E_0x55dc877b8430;
    %load/vec4 v0x55dc877b8900_0;
    %flag_set/vec4 8;
    %jmp/0xz  T_0.0, 8;
    %pushi/vec4 0, 0, 1;
    %assign/vec4 v0x55dc877b84b0_0, 0;
    %jmp T_0.1;
T_0.0 ;
    %load/vec4 v0x55dc877b84b0_0;
    %pad/u 32;
    %addi 1, 0, 32;
    %pushi/vec4 2, 0, 32;
    %mod;
    %pad/u 1;
    %assign/vec4 v0x55dc877b84b0_0, 0;
T_0.1 ;
    %jmp T_0;
    .thread T_0;
    .scope S_0x55dc877b8160;
T_1 ;
    %wait E_0x55dc877b8430;
    %load/vec4 v0x55dc877b8900_0;
    %flag_set/vec4 8;
    %jmp/0xz  T_1.0, 8;
    %pushi/vec4 0, 0, 1;
    %assign/vec4 v0x55dc877b85b0_0, 0;
    %jmp T_1.1;
T_1.0 ;
    %load/vec4 v0x55dc877b84b0_0;
    %pad/u 32;
    %cmpi/e 0, 0, 32;
    %jmp/1 T_1.4, 4;
    %flag_mov 8, 4;
    %load/vec4 v0x55dc877b84b0_0;
    %pad/u 32;
    %cmpi/e 1, 0, 32;
    %flag_or 4, 8;
T_1.4;
    %jmp/0xz  T_1.2, 4;
    %load/vec4 v0x55dc877b8840_0;
    %nor/r;
    %assign/vec4 v0x55dc877b85b0_0, 0;
T_1.2 ;
T_1.1 ;
    %jmp T_1;
    .thread T_1;
    .scope S_0x55dc877bb400;
T_2 ;
    %wait E_0x55dc877bb880;
    %load/vec4 v0x55dc877bbfc0_0;
    %flag_set/vec4 8;
    %jmp/0xz  T_2.0, 8;
    %load/vec4 v0x55dc877bbd70_0;
    %assign/vec4 v0x55dc877bc160_0, 0;
    %pushi/vec4 7, 0, 3;
    %assign/vec4 v0x55dc877bbbd0_0, 0;
    %jmp T_2.1;
T_2.0 ;
    %load/vec4 v0x55dc877bc090_0;
    %flag_set/vec4 9;
    %flag_get/vec4 9;
    %jmp/0 T_2.4, 9;
    %pushi/vec4 0, 0, 32;
    %load/vec4 v0x55dc877bbbd0_0;
    %pad/u 32;
    %cmp/u;
    %flag_get/vec4 5;
    %and;
T_2.4;
    %flag_set/vec4 8;
    %jmp/0xz  T_2.2, 8;
    %pushi/vec4 1, 1, 1;
    %load/vec4 v0x55dc877bc160_0;
    %parti/s 7, 1, 2;
    %concat/vec4; draw_concat_vec4
    %assign/vec4 v0x55dc877bc160_0, 0;
    %load/vec4 v0x55dc877bbbd0_0;
    %subi 1, 0, 3;
    %assign/vec4 v0x55dc877bbbd0_0, 0;
T_2.2 ;
T_2.1 ;
    %jmp T_2;
    .thread T_2;
    .scope S_0x55dc877b8a50;
T_3 ;
    %wait E_0x55dc877ae2e0;
    %load/vec4 v0x55dc877b9190_0;
    %flag_set/vec4 8;
    %jmp/0xz  T_3.0, 8;
    %pushi/vec4 0, 0, 2;
    %assign/vec4 v0x55dc877b9580_0, 0;
    %jmp T_3.1;
T_3.0 ;
    %load/vec4 v0x55dc877b90c0_0;
    %assign/vec4 v0x55dc877b9580_0, 0;
T_3.1 ;
    %jmp T_3;
    .thread T_3;
    .scope S_0x55dc877b8a50;
T_4 ;
    %wait E_0x55dc877b8ec0;
    %load/vec4 v0x55dc877b9580_0;
    %store/vec4 v0x55dc877b90c0_0, 0, 2;
    %pushi/vec4 1, 0, 1;
    %store/vec4 v0x55dc877b8f20_0, 0, 1;
    %pushi/vec4 0, 0, 1;
    %store/vec4 v0x55dc877b9400_0, 0, 1;
    %pushi/vec4 0, 0, 1;
    %store/vec4 v0x55dc877b9230_0, 0, 1;
    %load/vec4 v0x55dc877b9580_0;
    %dup/vec4;
    %pushi/vec4 0, 0, 2;
    %cmp/u;
    %jmp/1 T_4.0, 6;
    %dup/vec4;
    %pushi/vec4 1, 0, 2;
    %cmp/u;
    %jmp/1 T_4.1, 6;
    %dup/vec4;
    %pushi/vec4 2, 0, 2;
    %cmp/u;
    %jmp/1 T_4.2, 6;
    %jmp T_4.3;
T_4.0 ;
    %load/vec4 v0x55dc877b94c0_0;
    %flag_set/vec4 8;
    %jmp/0xz  T_4.4, 8;
    %pushi/vec4 1, 0, 2;
    %store/vec4 v0x55dc877b90c0_0, 0, 2;
T_4.4 ;
    %pushi/vec4 0, 0, 1;
    %store/vec4 v0x55dc877b8f20_0, 0, 1;
    %pushi/vec4 1, 0, 1;
    %store/vec4 v0x55dc877b9230_0, 0, 1;
    %jmp T_4.3;
T_4.1 ;
    %pushi/vec4 2, 0, 2;
    %store/vec4 v0x55dc877b90c0_0, 0, 2;
    %jmp T_4.3;
T_4.2 ;
    %load/vec4 v0x55dc877b9340_0;
    %flag_set/vec4 8;
    %jmp/0xz  T_4.6, 8;
    %pushi/vec4 0, 0, 2;
    %store/vec4 v0x55dc877b90c0_0, 0, 2;
T_4.6 ;
    %pushi/vec4 1, 0, 1;
    %store/vec4 v0x55dc877b9400_0, 0, 1;
    %jmp T_4.3;
T_4.3 ;
    %pop/vec4 1;
    %jmp T_4;
    .thread T_4, $push;
    .scope S_0x55dc877b9780;
T_5 ;
    %wait E_0x55dc877ba1f0;
    %load/vec4 v0x55dc877badf0_0;
    %flag_set/vec4 8;
    %jmp/0xz  T_5.0, 8;
    %pushi/vec4 0, 0, 3;
    %assign/vec4 v0x55dc877baf70_0, 0;
    %jmp T_5.1;
T_5.0 ;
    %load/vec4 v0x55dc877bab70_0;
    %assign/vec4 v0x55dc877baf70_0, 0;
T_5.1 ;
    %jmp T_5;
    .thread T_5;
    .scope S_0x55dc877b9780;
T_6 ;
    %wait E_0x55dc877ba190;
    %load/vec4 v0x55dc877baab0_0;
    %assign/vec4 v0x55dc877bad30_0, 0;
    %jmp T_6;
    .thread T_6;
    .scope S_0x55dc877b9780;
T_7 ;
    %wait E_0x55dc877ba190;
    %load/vec4 v0x55dc877bac50_0;
    %assign/vec4 v0x55dc877bb160_0, 0;
    %jmp T_7;
    .thread T_7;
    .scope S_0x55dc877b9780;
T_8 ;
    %wait E_0x55dc877ba100;
    %load/vec4 v0x55dc877baf70_0;
    %store/vec4 v0x55dc877bab70_0, 0, 3;
    %load/vec4 v0x55dc877baf70_0;
    %dup/vec4;
    %pushi/vec4 0, 0, 3;
    %cmp/u;
    %jmp/1 T_8.0, 6;
    %dup/vec4;
    %pushi/vec4 1, 0, 3;
    %cmp/u;
    %jmp/1 T_8.1, 6;
    %dup/vec4;
    %pushi/vec4 2, 0, 3;
    %cmp/u;
    %jmp/1 T_8.2, 6;
    %dup/vec4;
    %pushi/vec4 3, 0, 3;
    %cmp/u;
    %jmp/1 T_8.3, 6;
    %dup/vec4;
    %pushi/vec4 4, 0, 3;
    %cmp/u;
    %jmp/1 T_8.4, 6;
    %jmp T_8.5;
T_8.0 ;
    %pushi/vec4 1, 0, 3;
    %store/vec4 v0x55dc877bab70_0, 0, 3;
    %jmp T_8.5;
T_8.1 ;
    %pushi/vec4 2, 0, 3;
    %store/vec4 v0x55dc877bab70_0, 0, 3;
    %jmp T_8.5;
T_8.2 ;
    %load/vec4 v0x55dc877ba970_0;
    %flag_set/vec4 8;
    %jmp/0xz  T_8.6, 8;
    %pushi/vec4 4, 0, 3;
    %store/vec4 v0x55dc877bab70_0, 0, 3;
T_8.6 ;
    %jmp T_8.5;
T_8.3 ;
    %pushi/vec4 4, 0, 3;
    %store/vec4 v0x55dc877bab70_0, 0, 3;
    %jmp T_8.5;
T_8.4 ;
    %load/vec4 v0x55dc877bb160_0;
    %pad/u 32;
    %cmpi/e 0, 0, 32;
    %jmp/0xz  T_8.8, 4;
    %pushi/vec4 5, 0, 3;
    %store/vec4 v0x55dc877bab70_0, 0, 3;
T_8.8 ;
    %jmp T_8.5;
T_8.5 ;
    %pop/vec4 1;
    %jmp T_8;
    .thread T_8, $push;
    .scope S_0x55dc877b9780;
T_9 ;
    %wait E_0x55dc877ba0a0;
    %load/vec4 v0x55dc877bad30_0;
    %store/vec4 v0x55dc877baab0_0, 0, 1;
    %load/vec4 v0x55dc877baf70_0;
    %dup/vec4;
    %pushi/vec4 1, 0, 3;
    %cmp/u;
    %jmp/1 T_9.0, 6;
    %dup/vec4;
    %pushi/vec4 2, 0, 3;
    %cmp/u;
    %jmp/1 T_9.1, 6;
    %jmp T_9.2;
T_9.0 ;
    %pushi/vec4 0, 0, 1;
    %store/vec4 v0x55dc877baab0_0, 0, 1;
    %jmp T_9.2;
T_9.1 ;
    %load/vec4 v0x55dc877bad30_0;
    %load/vec4 v0x55dc877baa10_0;
    %xor;
    %store/vec4 v0x55dc877baab0_0, 0, 1;
    %jmp T_9.2;
T_9.2 ;
    %pop/vec4 1;
    %jmp T_9;
    .thread T_9, $push;
    .scope S_0x55dc877b9780;
T_10 ;
    %wait E_0x55dc877ba040;
    %pushi/vec4 0, 0, 1;
    %store/vec4 v0x55dc877bac50_0, 0, 1;
    %load/vec4 v0x55dc877baf70_0;
    %dup/vec4;
    %pushi/vec4 2, 0, 3;
    %cmp/u;
    %jmp/1 T_10.0, 6;
    %dup/vec4;
    %pushi/vec4 3, 0, 3;
    %cmp/u;
    %jmp/1 T_10.1, 6;
    %dup/vec4;
    %pushi/vec4 4, 0, 3;
    %cmp/u;
    %jmp/1 T_10.2, 6;
    %jmp T_10.3;
T_10.0 ;
    %pushi/vec4 0, 0, 1;
    %store/vec4 v0x55dc877bac50_0, 0, 1;
    %jmp T_10.3;
T_10.1 ;
    %pushi/vec4 0, 0, 1;
    %store/vec4 v0x55dc877bac50_0, 0, 1;
    %jmp T_10.3;
T_10.2 ;
    %load/vec4 v0x55dc877bb160_0;
    %pad/u 32;
    %cmpi/u 0, 0, 32;
    %flag_or 5, 4; GT is !LE
    %flag_inv 5;
    %jmp/0xz  T_10.4, 5;
    %load/vec4 v0x55dc877bb160_0;
    %pad/u 2;
    %subi 1, 0, 2;
    %pad/u 1;
    %store/vec4 v0x55dc877bac50_0, 0, 1;
T_10.4 ;
    %jmp T_10.3;
T_10.3 ;
    %pop/vec4 1;
    %jmp T_10;
    .thread T_10, $push;
    .scope S_0x55dc877b9780;
T_11 ;
    %wait E_0x55dc877b9fe0;
    %pushi/vec4 1, 0, 1;
    %store/vec4 v0x55dc877bb240_0, 0, 1;
    %load/vec4 v0x55dc877baf70_0;
    %dup/vec4;
    %pushi/vec4 1, 0, 3;
    %cmp/u;
    %jmp/1 T_11.0, 6;
    %dup/vec4;
    %pushi/vec4 2, 0, 3;
    %cmp/u;
    %jmp/1 T_11.1, 6;
    %dup/vec4;
    %pushi/vec4 3, 0, 3;
    %cmp/u;
    %jmp/1 T_11.2, 6;
    %jmp T_11.3;
T_11.0 ;
    %pushi/vec4 0, 0, 1;
    %store/vec4 v0x55dc877bb240_0, 0, 1;
    %jmp T_11.3;
T_11.1 ;
    %load/vec4 v0x55dc877baa10_0;
    %store/vec4 v0x55dc877bb240_0, 0, 1;
    %jmp T_11.3;
T_11.2 ;
    %load/vec4 v0x55dc877bad30_0;
    %store/vec4 v0x55dc877bb240_0, 0, 1;
    %jmp T_11.3;
T_11.3 ;
    %pop/vec4 1;
    %jmp T_11;
    .thread T_11, $push;
    .scope S_0x55dc877aa5b0;
T_12 ;
    %wait E_0x55dc877aa970;
    %load/vec4 v0x55dc877aab90_0;
    %flag_set/vec4 8;
    %jmp/0xz  T_12.0, 8;
    %load/vec4 v0x55dc877aaad0_0;
    %load/vec4 v0x55dc877aac60_0;
    %parti/s 7, 1, 2;
    %concat/vec4; draw_concat_vec4
    %assign/vec4 v0x55dc877aac60_0, 0;
T_12.0 ;
    %jmp T_12;
    .thread T_12;
    .scope S_0x55dc877a95c0;
T_13 ;
    %wait E_0x55dc876da820;
    %load/vec4 v0x55dc877ab640_0;
    %flag_set/vec4 8;
    %jmp/0xz  T_13.0, 8;
    %pushi/vec4 0, 0, 4;
    %assign/vec4 v0x55dc877ab7a0_0, 0;
    %pushi/vec4 0, 0, 2;
    %assign/vec4 v0x55dc877ab930_0, 0;
    %jmp T_13.1;
T_13.0 ;
    %load/vec4 v0x55dc877ab930_0;
    %pad/u 32;
    %cmpi/e 0, 0, 32;
    %jmp/0xz  T_13.2, 4;
    %load/vec4 v0x55dc877ab300_0;
    %assign/vec4 v0x55dc877ab7a0_0, 0;
    %load/vec4 v0x55dc877ab3e0_0;
    %assign/vec4 v0x55dc877ab930_0, 0;
    %jmp T_13.3;
T_13.2 ;
    %load/vec4 v0x55dc877ab930_0;
    %subi 1, 0, 2;
    %assign/vec4 v0x55dc877ab930_0, 0;
T_13.3 ;
T_13.1 ;
    %jmp T_13;
    .thread T_13;
    .scope S_0x55dc877a95c0;
T_14 ;
    %wait E_0x55dc877aa970;
    %load/vec4 v0x55dc877ab930_0;
    %pad/u 32;
    %cmpi/e 0, 0, 32;
    %jmp/0xz  T_14.0, 4;
    %load/vec4 v0x55dc877ab240_0;
    %assign/vec4 v0x55dc877ab580_0, 0;
T_14.0 ;
    %jmp T_14;
    .thread T_14;
    .scope S_0x55dc877a95c0;
T_15 ;
    %wait E_0x55dc876da820;
    %load/vec4 v0x55dc877ab640_0;
    %flag_set/vec4 8;
    %jmp/0xz  T_15.0, 8;
    %pushi/vec4 0, 0, 1;
    %assign/vec4 v0x55dc877ab9f0_0, 0;
    %jmp T_15.1;
T_15.0 ;
    %load/vec4 v0x55dc877ab930_0;
    %pad/u 32;
    %cmpi/e 0, 0, 32;
    %jmp/0xz  T_15.2, 4;
    %load/vec4 v0x55dc877ab4c0_0;
    %assign/vec4 v0x55dc877ab9f0_0, 0;
T_15.2 ;
T_15.1 ;
    %jmp T_15;
    .thread T_15;
    .scope S_0x55dc877a95c0;
T_16 ;
    %wait E_0x55dc877aa970;
    %load/vec4 v0x55dc877ab930_0;
    %pad/u 32;
    %cmpi/e 0, 0, 32;
    %jmp/0xz  T_16.0, 4;
    %load/vec4 v0x55dc877ab150_0;
    %assign/vec4 v0x55dc877aadf0_0, 0;
T_16.0 ;
    %jmp T_16;
    .thread T_16;
    .scope S_0x55dc877a95c0;
T_17 ;
    %wait E_0x55dc876efc80;
    %load/vec4 v0x55dc877ab7a0_0;
    %store/vec4 v0x55dc877ab300_0, 0, 4;
    %pushi/vec4 0, 0, 2;
    %store/vec4 v0x55dc877ab3e0_0, 0, 2;
    %load/vec4 v0x55dc877ab7a0_0;
    %dup/vec4;
    %pushi/vec4 0, 0, 4;
    %cmp/u;
    %jmp/1 T_17.0, 6;
    %dup/vec4;
    %pushi/vec4 1, 0, 4;
    %cmp/u;
    %jmp/1 T_17.1, 6;
    %dup/vec4;
    %pushi/vec4 2, 0, 4;
    %cmp/u;
    %jmp/1 T_17.2, 6;
    %dup/vec4;
    %pushi/vec4 3, 0, 4;
    %cmp/u;
    %jmp/1 T_17.3, 6;
    %dup/vec4;
    %pushi/vec4 4, 0, 4;
    %cmp/u;
    %jmp/1 T_17.4, 6;
    %dup/vec4;
    %pushi/vec4 5, 0, 4;
    %cmp/u;
    %jmp/1 T_17.5, 6;
    %dup/vec4;
    %pushi/vec4 6, 0, 4;
    %cmp/u;
    %jmp/1 T_17.6, 6;
    %dup/vec4;
    %pushi/vec4 7, 0, 4;
    %cmp/u;
    %jmp/1 T_17.7, 6;
    %dup/vec4;
    %pushi/vec4 8, 0, 4;
    %cmp/u;
    %jmp/1 T_17.8, 6;
    %jmp T_17.9;
T_17.0 ;
    %load/vec4 v0x55dc877ab700_0;
    %nor/r;
    %flag_set/vec4 8;
    %jmp/0xz  T_17.10, 8;
    %pushi/vec4 2, 0, 4;
    %store/vec4 v0x55dc877ab300_0, 0, 4;
T_17.10 ;
    %jmp T_17.9;
T_17.1 ;
    %pushi/vec4 2, 0, 4;
    %store/vec4 v0x55dc877ab300_0, 0, 4;
    %jmp T_17.9;
T_17.2 ;
    %load/vec4 v0x55dc877ab700_0;
    %flag_set/vec4 8;
    %jmp/0xz  T_17.12, 8;
    %pushi/vec4 0, 0, 4;
    %store/vec4 v0x55dc877ab300_0, 0, 4;
    %jmp T_17.13;
T_17.12 ;
    %pushi/vec4 3, 0, 4;
    %store/vec4 v0x55dc877ab300_0, 0, 4;
    %pushi/vec4 0, 0, 2;
    %store/vec4 v0x55dc877ab3e0_0, 0, 2;
T_17.13 ;
    %jmp T_17.9;
T_17.3 ;
    %pushi/vec4 4, 0, 4;
    %store/vec4 v0x55dc877ab300_0, 0, 4;
    %jmp T_17.9;
T_17.4 ;
    %load/vec4 v0x55dc877aadf0_0;
    %pad/u 32;
    %cmpi/u 0, 0, 32;
    %flag_or 5, 4; GT is !LE
    %flag_inv 5;
    %jmp/0xz  T_17.14, 5;
    %pushi/vec4 3, 0, 4;
    %store/vec4 v0x55dc877ab300_0, 0, 4;
    %pushi/vec4 0, 0, 2;
    %store/vec4 v0x55dc877ab3e0_0, 0, 2;
    %jmp T_17.15;
T_17.14 ;
    %pushi/vec4 7, 0, 4;
    %store/vec4 v0x55dc877ab300_0, 0, 4;
    %pushi/vec4 0, 0, 2;
    %store/vec4 v0x55dc877ab3e0_0, 0, 2;
T_17.15 ;
    %jmp T_17.9;
T_17.5 ;
    %pushi/vec4 6, 0, 4;
    %store/vec4 v0x55dc877ab300_0, 0, 4;
    %jmp T_17.9;
T_17.6 ;
    %load/vec4 v0x55dc877ab700_0;
    %load/vec4 v0x55dc877ab580_0;
    %cmp/e;
    %jmp/0xz  T_17.16, 4;
    %pushi/vec4 7, 0, 4;
    %store/vec4 v0x55dc877ab300_0, 0, 4;
    %pushi/vec4 0, 0, 2;
    %store/vec4 v0x55dc877ab3e0_0, 0, 2;
    %jmp T_17.17;
T_17.16 ;
    %pushi/vec4 0, 0, 4;
    %store/vec4 v0x55dc877ab300_0, 0, 4;
T_17.17 ;
    %jmp T_17.9;
T_17.7 ;
    %pushi/vec4 8, 0, 4;
    %store/vec4 v0x55dc877ab300_0, 0, 4;
    %jmp T_17.9;
T_17.8 ;
    %pushi/vec4 0, 0, 4;
    %store/vec4 v0x55dc877ab300_0, 0, 4;
    %jmp T_17.9;
T_17.9 ;
    %pop/vec4 1;
    %jmp T_17;
    .thread T_17, $push;
    .scope S_0x55dc877a95c0;
T_18 ;
    %wait E_0x55dc876efde0;
    %pushi/vec4 1, 0, 1;
    %store/vec4 v0x55dc877aaef0_0, 0, 1;
    %pushi/vec4 0, 0, 1;
    %store/vec4 v0x55dc877ab860_0, 0, 1;
    %load/vec4 v0x55dc877ab580_0;
    %store/vec4 v0x55dc877ab240_0, 0, 1;
    %load/vec4 v0x55dc877ab9f0_0;
    %store/vec4 v0x55dc877ab4c0_0, 0, 1;
    %load/vec4 v0x55dc877aadf0_0;
    %store/vec4 v0x55dc877ab150_0, 0, 3;
    %load/vec4 v0x55dc877ab7a0_0;
    %dup/vec4;
    %pushi/vec4 0, 0, 4;
    %cmp/u;
    %jmp/1 T_18.0, 6;
    %dup/vec4;
    %pushi/vec4 4, 0, 4;
    %cmp/u;
    %jmp/1 T_18.1, 6;
    %dup/vec4;
    %pushi/vec4 8, 0, 4;
    %cmp/u;
    %jmp/1 T_18.2, 6;
    %jmp T_18.3;
T_18.0 ;
    %pushi/vec4 0, 0, 1;
    %store/vec4 v0x55dc877aaef0_0, 0, 1;
    %load/vec4 v0x55dc877ab700_0;
    %nor/r;
    %flag_set/vec4 8;
    %jmp/0xz  T_18.4, 8;
    %pushi/vec4 0, 0, 1;
    %store/vec4 v0x55dc877ab240_0, 0, 1;
    %pushi/vec4 0, 0, 1;
    %store/vec4 v0x55dc877ab4c0_0, 0, 1;
    %pushi/vec4 7, 0, 3;
    %store/vec4 v0x55dc877ab150_0, 0, 3;
T_18.4 ;
    %jmp T_18.3;
T_18.1 ;
    %pushi/vec4 1, 0, 1;
    %store/vec4 v0x55dc877ab860_0, 0, 1;
    %load/vec4 v0x55dc877ab580_0;
    %load/vec4 v0x55dc877ab700_0;
    %xor;
    %store/vec4 v0x55dc877ab240_0, 0, 1;
    %load/vec4 v0x55dc877aadf0_0;
    %pad/u 32;
    %cmpi/u 0, 0, 32;
    %flag_or 5, 4; GT is !LE
    %flag_inv 5;
    %jmp/0xz  T_18.6, 5;
    %load/vec4 v0x55dc877aadf0_0;
    %subi 1, 0, 3;
    %store/vec4 v0x55dc877ab150_0, 0, 3;
T_18.6 ;
    %jmp T_18.3;
T_18.2 ;
    %load/vec4 v0x55dc877ab700_0;
    %flag_set/vec4 8;
    %jmp/0xz  T_18.8, 8;
    %pushi/vec4 1, 0, 1;
    %store/vec4 v0x55dc877ab4c0_0, 0, 1;
T_18.8 ;
    %jmp T_18.3;
T_18.3 ;
    %pop/vec4 1;
    %jmp T_18;
    .thread T_18, $push;
    .scope S_0x55dc877ad6e0;
T_19 ;
    %wait E_0x55dc877ad9b0;
    %load/vec4 v0x55dc877addc0_0;
    %flag_set/vec4 8;
    %jmp/0xz  T_19.0, 8;
    %pushi/vec4 0, 0, 1;
    %assign/vec4 v0x55dc877ada30_0, 0;
    %jmp T_19.1;
T_19.0 ;
    %load/vec4 v0x55dc877ada30_0;
    %pad/u 32;
    %addi 1, 0, 32;
    %pushi/vec4 2, 0, 32;
    %mod;
    %pad/u 1;
    %assign/vec4 v0x55dc877ada30_0, 0;
T_19.1 ;
    %jmp T_19;
    .thread T_19;
    .scope S_0x55dc877ad6e0;
T_20 ;
    %wait E_0x55dc877ad9b0;
    %load/vec4 v0x55dc877addc0_0;
    %flag_set/vec4 8;
    %jmp/0xz  T_20.0, 8;
    %pushi/vec4 0, 0, 1;
    %assign/vec4 v0x55dc877adb30_0, 0;
    %jmp T_20.1;
T_20.0 ;
    %load/vec4 v0x55dc877ada30_0;
    %pad/u 32;
    %cmpi/e 0, 0, 32;
    %jmp/1 T_20.4, 4;
    %flag_mov 8, 4;
    %load/vec4 v0x55dc877ada30_0;
    %pad/u 32;
    %cmpi/e 1, 0, 32;
    %flag_or 4, 8;
T_20.4;
    %jmp/0xz  T_20.2, 4;
    %load/vec4 v0x55dc877add00_0;
    %nor/r;
    %assign/vec4 v0x55dc877adb30_0, 0;
T_20.2 ;
T_20.1 ;
    %jmp T_20;
    .thread T_20;
    .scope S_0x55dc877b07c0;
T_21 ;
    %wait E_0x55dc877b0c40;
    %load/vec4 v0x55dc877b13d0_0;
    %flag_set/vec4 8;
    %jmp/0xz  T_21.0, 8;
    %load/vec4 v0x55dc877b1180_0;
    %assign/vec4 v0x55dc877b1570_0, 0;
    %pushi/vec4 15, 0, 4;
    %assign/vec4 v0x55dc877b0f90_0, 0;
    %jmp T_21.1;
T_21.0 ;
    %load/vec4 v0x55dc877b14a0_0;
    %flag_set/vec4 9;
    %flag_get/vec4 9;
    %jmp/0 T_21.4, 9;
    %pushi/vec4 0, 0, 32;
    %load/vec4 v0x55dc877b0f90_0;
    %pad/u 32;
    %cmp/u;
    %flag_get/vec4 5;
    %and;
T_21.4;
    %flag_set/vec4 8;
    %jmp/0xz  T_21.2, 8;
    %pushi/vec4 1, 1, 1;
    %load/vec4 v0x55dc877b1570_0;
    %parti/s 15, 1, 2;
    %concat/vec4; draw_concat_vec4
    %assign/vec4 v0x55dc877b1570_0, 0;
    %load/vec4 v0x55dc877b0f90_0;
    %subi 1, 0, 4;
    %assign/vec4 v0x55dc877b0f90_0, 0;
T_21.2 ;
T_21.1 ;
    %jmp T_21;
    .thread T_21;
    .scope S_0x55dc877adee0;
T_22 ;
    %wait E_0x55dc877ae2e0;
    %load/vec4 v0x55dc877ae5b0_0;
    %flag_set/vec4 8;
    %jmp/0xz  T_22.0, 8;
    %pushi/vec4 0, 0, 2;
    %assign/vec4 v0x55dc877ae9a0_0, 0;
    %jmp T_22.1;
T_22.0 ;
    %load/vec4 v0x55dc877ae4e0_0;
    %assign/vec4 v0x55dc877ae9a0_0, 0;
T_22.1 ;
    %jmp T_22;
    .thread T_22;
    .scope S_0x55dc877adee0;
T_23 ;
    %wait E_0x55dc877ae280;
    %load/vec4 v0x55dc877ae9a0_0;
    %store/vec4 v0x55dc877ae4e0_0, 0, 2;
    %pushi/vec4 1, 0, 1;
    %store/vec4 v0x55dc877ae340_0, 0, 1;
    %pushi/vec4 0, 0, 1;
    %store/vec4 v0x55dc877ae820_0, 0, 1;
    %pushi/vec4 0, 0, 1;
    %store/vec4 v0x55dc877ae650_0, 0, 1;
    %load/vec4 v0x55dc877ae9a0_0;
    %dup/vec4;
    %pushi/vec4 0, 0, 2;
    %cmp/u;
    %jmp/1 T_23.0, 6;
    %dup/vec4;
    %pushi/vec4 1, 0, 2;
    %cmp/u;
    %jmp/1 T_23.1, 6;
    %dup/vec4;
    %pushi/vec4 2, 0, 2;
    %cmp/u;
    %jmp/1 T_23.2, 6;
    %jmp T_23.3;
T_23.0 ;
    %load/vec4 v0x55dc877ae8e0_0;
    %flag_set/vec4 8;
    %jmp/0xz  T_23.4, 8;
    %pushi/vec4 1, 0, 2;
    %store/vec4 v0x55dc877ae4e0_0, 0, 2;
T_23.4 ;
    %pushi/vec4 0, 0, 1;
    %store/vec4 v0x55dc877ae340_0, 0, 1;
    %pushi/vec4 1, 0, 1;
    %store/vec4 v0x55dc877ae650_0, 0, 1;
    %jmp T_23.3;
T_23.1 ;
    %pushi/vec4 2, 0, 2;
    %store/vec4 v0x55dc877ae4e0_0, 0, 2;
    %jmp T_23.3;
T_23.2 ;
    %load/vec4 v0x55dc877ae760_0;
    %flag_set/vec4 8;
    %jmp/0xz  T_23.6, 8;
    %pushi/vec4 0, 0, 2;
    %store/vec4 v0x55dc877ae4e0_0, 0, 2;
T_23.6 ;
    %pushi/vec4 1, 0, 1;
    %store/vec4 v0x55dc877ae820_0, 0, 1;
    %jmp T_23.3;
T_23.3 ;
    %pop/vec4 1;
    %jmp T_23;
    .thread T_23, $push;
    .scope S_0x55dc877aeba0;
T_24 ;
    %wait E_0x55dc877af6a0;
    %load/vec4 v0x55dc877b02a0_0;
    %flag_set/vec4 8;
    %jmp/0xz  T_24.0, 8;
    %pushi/vec4 0, 0, 3;
    %assign/vec4 v0x55dc877b0420_0, 0;
    %jmp T_24.1;
T_24.0 ;
    %load/vec4 v0x55dc877b0020_0;
    %assign/vec4 v0x55dc877b0420_0, 0;
T_24.1 ;
    %jmp T_24;
    .thread T_24;
    .scope S_0x55dc877aeba0;
T_25 ;
    %wait E_0x55dc877af640;
    %load/vec4 v0x55dc877aff60_0;
    %assign/vec4 v0x55dc877b01e0_0, 0;
    %jmp T_25;
    .thread T_25;
    .scope S_0x55dc877aeba0;
T_26 ;
    %wait E_0x55dc877af640;
    %load/vec4 v0x55dc877b0100_0;
    %assign/vec4 v0x55dc877b0500_0, 0;
    %jmp T_26;
    .thread T_26;
    .scope S_0x55dc877aeba0;
T_27 ;
    %wait E_0x55dc877af5b0;
    %load/vec4 v0x55dc877b0420_0;
    %store/vec4 v0x55dc877b0020_0, 0, 3;
    %load/vec4 v0x55dc877b0420_0;
    %dup/vec4;
    %pushi/vec4 0, 0, 3;
    %cmp/u;
    %jmp/1 T_27.0, 6;
    %dup/vec4;
    %pushi/vec4 1, 0, 3;
    %cmp/u;
    %jmp/1 T_27.1, 6;
    %dup/vec4;
    %pushi/vec4 2, 0, 3;
    %cmp/u;
    %jmp/1 T_27.2, 6;
    %dup/vec4;
    %pushi/vec4 3, 0, 3;
    %cmp/u;
    %jmp/1 T_27.3, 6;
    %dup/vec4;
    %pushi/vec4 4, 0, 3;
    %cmp/u;
    %jmp/1 T_27.4, 6;
    %jmp T_27.5;
T_27.0 ;
    %pushi/vec4 1, 0, 3;
    %store/vec4 v0x55dc877b0020_0, 0, 3;
    %jmp T_27.5;
T_27.1 ;
    %pushi/vec4 2, 0, 3;
    %store/vec4 v0x55dc877b0020_0, 0, 3;
    %jmp T_27.5;
T_27.2 ;
    %load/vec4 v0x55dc877afe20_0;
    %flag_set/vec4 8;
    %jmp/0xz  T_27.6, 8;
    %pushi/vec4 4, 0, 3;
    %store/vec4 v0x55dc877b0020_0, 0, 3;
T_27.6 ;
    %jmp T_27.5;
T_27.3 ;
    %pushi/vec4 4, 0, 3;
    %store/vec4 v0x55dc877b0020_0, 0, 3;
    %jmp T_27.5;
T_27.4 ;
    %load/vec4 v0x55dc877b0500_0;
    %pad/u 32;
    %cmpi/e 0, 0, 32;
    %jmp/0xz  T_27.8, 4;
    %pushi/vec4 5, 0, 3;
    %store/vec4 v0x55dc877b0020_0, 0, 3;
T_27.8 ;
    %jmp T_27.5;
T_27.5 ;
    %pop/vec4 1;
    %jmp T_27;
    .thread T_27, $push;
    .scope S_0x55dc877aeba0;
T_28 ;
    %wait E_0x55dc877af550;
    %load/vec4 v0x55dc877b01e0_0;
    %store/vec4 v0x55dc877aff60_0, 0, 1;
    %load/vec4 v0x55dc877b0420_0;
    %dup/vec4;
    %pushi/vec4 1, 0, 3;
    %cmp/u;
    %jmp/1 T_28.0, 6;
    %dup/vec4;
    %pushi/vec4 2, 0, 3;
    %cmp/u;
    %jmp/1 T_28.1, 6;
    %jmp T_28.2;
T_28.0 ;
    %pushi/vec4 0, 0, 1;
    %store/vec4 v0x55dc877aff60_0, 0, 1;
    %jmp T_28.2;
T_28.1 ;
    %load/vec4 v0x55dc877b01e0_0;
    %load/vec4 v0x55dc877afec0_0;
    %xor;
    %store/vec4 v0x55dc877aff60_0, 0, 1;
    %jmp T_28.2;
T_28.2 ;
    %pop/vec4 1;
    %jmp T_28;
    .thread T_28, $push;
    .scope S_0x55dc877aeba0;
T_29 ;
    %wait E_0x55dc877af4f0;
    %pushi/vec4 0, 0, 1;
    %store/vec4 v0x55dc877b0100_0, 0, 1;
    %load/vec4 v0x55dc877b0420_0;
    %dup/vec4;
    %pushi/vec4 2, 0, 3;
    %cmp/u;
    %jmp/1 T_29.0, 6;
    %dup/vec4;
    %pushi/vec4 3, 0, 3;
    %cmp/u;
    %jmp/1 T_29.1, 6;
    %dup/vec4;
    %pushi/vec4 4, 0, 3;
    %cmp/u;
    %jmp/1 T_29.2, 6;
    %jmp T_29.3;
T_29.0 ;
    %pushi/vec4 0, 0, 1;
    %store/vec4 v0x55dc877b0100_0, 0, 1;
    %jmp T_29.3;
T_29.1 ;
    %pushi/vec4 0, 0, 1;
    %store/vec4 v0x55dc877b0100_0, 0, 1;
    %jmp T_29.3;
T_29.2 ;
    %load/vec4 v0x55dc877b0500_0;
    %pad/u 32;
    %cmpi/u 0, 0, 32;
    %flag_or 5, 4; GT is !LE
    %flag_inv 5;
    %jmp/0xz  T_29.4, 5;
    %load/vec4 v0x55dc877b0500_0;
    %pad/u 2;
    %subi 1, 0, 2;
    %pad/u 1;
    %store/vec4 v0x55dc877b0100_0, 0, 1;
T_29.4 ;
    %jmp T_29.3;
T_29.3 ;
    %pop/vec4 1;
    %jmp T_29;
    .thread T_29, $push;
    .scope S_0x55dc877aeba0;
T_30 ;
    %wait E_0x55dc877af490;
    %pushi/vec4 1, 0, 1;
    %store/vec4 v0x55dc877b05e0_0, 0, 1;
    %load/vec4 v0x55dc877b0420_0;
    %dup/vec4;
    %pushi/vec4 1, 0, 3;
    %cmp/u;
    %jmp/1 T_30.0, 6;
    %dup/vec4;
    %pushi/vec4 2, 0, 3;
    %cmp/u;
    %jmp/1 T_30.1, 6;
    %dup/vec4;
    %pushi/vec4 3, 0, 3;
    %cmp/u;
    %jmp/1 T_30.2, 6;
    %jmp T_30.3;
T_30.0 ;
    %pushi/vec4 0, 0, 1;
    %store/vec4 v0x55dc877b05e0_0, 0, 1;
    %jmp T_30.3;
T_30.1 ;
    %load/vec4 v0x55dc877afec0_0;
    %store/vec4 v0x55dc877b05e0_0, 0, 1;
    %jmp T_30.3;
T_30.2 ;
    %load/vec4 v0x55dc877b01e0_0;
    %store/vec4 v0x55dc877b05e0_0, 0, 1;
    %jmp T_30.3;
T_30.3 ;
    %pop/vec4 1;
    %jmp T_30;
    .thread T_30, $push;
    .scope S_0x55dc87782d50;
T_31 ;
    %wait E_0x55dc877ae2e0;
    %load/vec4 v0x55dc877b2f40_0;
    %flag_set/vec4 8;
    %jmp/0xz  T_31.0, 8;
    %pushi/vec4 0, 0, 4;
    %assign/vec4 v0x55dc877b2730_0, 0;
    %pushi/vec4 0, 0, 32;
    %assign/vec4 v0x55dc877b2c80_0, 0;
    %pushi/vec4 0, 0, 1;
    %assign/vec4 v0x55dc877b3080_0, 0;
    %pushi/vec4 1, 0, 1;
    %assign/vec4 v0x55dc877b3550_0, 0;
    %pushi/vec4 0, 0, 1;
    %assign/vec4 v0x55dc877b2820_0, 0;
    %jmp T_31.1;
T_31.0 ;
    %load/vec4 v0x55dc877b2820_0;
    %nor/r;
    %flag_set/vec4 9;
    %flag_get/vec4 9;
    %jmp/0 T_31.4, 9;
    %load/vec4 v0x55dc877b2730_0;
    %pad/u 32;
    %pushi/vec4 4, 0, 32;
    %cmp/e;
    %flag_get/vec4 4;
    %and;
T_31.4;
    %flag_set/vec4 8;
    %jmp/0xz  T_31.2, 8;
    %pushi/vec4 1, 0, 1;
    %assign/vec4 v0x55dc877b2820_0, 0;
    %load/vec4 v0x55dc877b2e80_0;
    %assign/vec4 v0x55dc877b2c80_0, 0;
    %pushi/vec4 0, 0, 4;
    %assign/vec4 v0x55dc877b2730_0, 0;
    %jmp T_31.3;
T_31.2 ;
    %load/vec4 v0x55dc877b2820_0;
    %nor/r;
    %flag_set/vec4 10;
    %flag_get/vec4 10;
    %jmp/0 T_31.8, 10;
    %load/vec4 v0x55dc877b3210_0;
    %and;
T_31.8;
    %flag_set/vec4 9;
    %flag_get/vec4 9;
    %jmp/0 T_31.7, 9;
    %load/vec4 v0x55dc877b3550_0;
    %and;
T_31.7;
    %flag_set/vec4 8;
    %jmp/0xz  T_31.5, 8;
    %pushi/vec4 0, 0, 1;
    %assign/vec4 v0x55dc877b3550_0, 0;
    %load/vec4 v0x55dc877b2730_0;
    %pad/u 32;
    %cmpi/u 4, 0, 32;
    %jmp/0xz  T_31.9, 5;
    %load/vec4 v0x55dc877b28e0_0;
    %ix/getv 3, v0x55dc877b2730_0;
    %ix/load 4, 0, 0; Constant delay
    %assign/vec4/a/d v0x55dc877b2ab0, 0, 4;
    %load/vec4 v0x55dc877b2730_0;
    %addi 1, 0, 4;
    %assign/vec4 v0x55dc877b2730_0, 0;
T_31.9 ;
    %jmp T_31.6;
T_31.5 ;
    %load/vec4 v0x55dc877b2820_0;
    %nor/r;
    %flag_set/vec4 10;
    %flag_get/vec4 10;
    %jmp/0 T_31.14, 10;
    %load/vec4 v0x55dc877b3550_0;
    %nor/r;
    %and;
T_31.14;
    %flag_set/vec4 9;
    %flag_get/vec4 9;
    %jmp/0 T_31.13, 9;
    %load/vec4 v0x55dc877b3210_0;
    %nor/r;
    %and;
T_31.13;
    %flag_set/vec4 8;
    %jmp/0xz  T_31.11, 8;
    %pushi/vec4 1, 0, 1;
    %assign/vec4 v0x55dc877b3550_0, 0;
    %jmp T_31.12;
T_31.11 ;
    %load/vec4 v0x55dc877b2820_0;
    %flag_set/vec4 8;
    %jmp/0xz  T_31.15, 8;
    %load/vec4 v0x55dc877b3080_0;
    %flag_set/vec4 8;
    %jmp/0xz  T_31.17, 8;
    %pushi/vec4 0, 0, 1;
    %assign/vec4 v0x55dc877b3080_0, 0;
    %jmp T_31.18;
T_31.17 ;
    %load/vec4 v0x55dc877b2730_0;
    %pad/u 32;
    %cmpi/u 4, 0, 32;
    %flag_get/vec4 5;
    %jmp/0 T_31.21, 5;
    %load/vec4 v0x55dc877b25a0_0;
    %nor/r;
    %and;
T_31.21;
    %flag_set/vec4 8;
    %jmp/0xz  T_31.19, 8;
    %ix/getv 4, v0x55dc877b2730_0;
    %load/vec4a v0x55dc877b2d60, 4;
    %assign/vec4 v0x55dc877b29a0_0, 0;
    %load/vec4 v0x55dc877b2730_0;
    %addi 1, 0, 4;
    %assign/vec4 v0x55dc877b2730_0, 0;
    %pushi/vec4 1, 0, 1;
    %assign/vec4 v0x55dc877b3080_0, 0;
    %jmp T_31.20;
T_31.19 ;
    %load/vec4 v0x55dc877b2730_0;
    %pad/u 32;
    %cmpi/e 4, 0, 32;
    %jmp/0xz  T_31.22, 4;
    %pushi/vec4 0, 0, 4;
    %assign/vec4 v0x55dc877b2730_0, 0;
    %pushi/vec4 0, 0, 1;
    %assign/vec4 v0x55dc877b2820_0, 0;
    %pushi/vec4 1, 0, 1;
    %assign/vec4 v0x55dc877b3550_0, 0;
    %pushi/vec4 0, 0, 1;
    %assign/vec4 v0x55dc877b3080_0, 0;
T_31.22 ;
T_31.20 ;
T_31.18 ;
T_31.15 ;
T_31.12 ;
T_31.6 ;
T_31.3 ;
T_31.1 ;
    %jmp T_31;
    .thread T_31;
    .scope S_0x55dc877b4dc0;
T_32 ;
    %wait E_0x55dc877b5180;
    %load/vec4 v0x55dc877b53a0_0;
    %flag_set/vec4 8;
    %jmp/0xz  T_32.0, 8;
    %load/vec4 v0x55dc877b52e0_0;
    %load/vec4 v0x55dc877b5470_0;
    %parti/s 15, 1, 2;
    %concat/vec4; draw_concat_vec4
    %assign/vec4 v0x55dc877b5470_0, 0;
T_32.0 ;
    %jmp T_32;
    .thread T_32;
    .scope S_0x55dc877b3cd0;
T_33 ;
    %wait E_0x55dc877b4d60;
    %load/vec4 v0x55dc877b5e30_0;
    %flag_set/vec4 8;
    %jmp/0xz  T_33.0, 8;
    %pushi/vec4 0, 0, 4;
    %assign/vec4 v0x55dc877b6000_0, 0;
    %pushi/vec4 0, 0, 2;
    %assign/vec4 v0x55dc877b6180_0, 0;
    %jmp T_33.1;
T_33.0 ;
    %load/vec4 v0x55dc877b6180_0;
    %pad/u 32;
    %cmpi/e 0, 0, 32;
    %jmp/0xz  T_33.2, 4;
    %load/vec4 v0x55dc877b5af0_0;
    %assign/vec4 v0x55dc877b6000_0, 0;
    %load/vec4 v0x55dc877b5bd0_0;
    %assign/vec4 v0x55dc877b6180_0, 0;
    %jmp T_33.3;
T_33.2 ;
    %load/vec4 v0x55dc877b6180_0;
    %subi 1, 0, 2;
    %assign/vec4 v0x55dc877b6180_0, 0;
T_33.3 ;
T_33.1 ;
    %jmp T_33;
    .thread T_33;
    .scope S_0x55dc877b3cd0;
T_34 ;
    %wait E_0x55dc877b5180;
    %load/vec4 v0x55dc877b6180_0;
    %pad/u 32;
    %cmpi/e 0, 0, 32;
    %jmp/0xz  T_34.0, 4;
    %load/vec4 v0x55dc877b5a30_0;
    %assign/vec4 v0x55dc877b5d70_0, 0;
T_34.0 ;
    %jmp T_34;
    .thread T_34;
    .scope S_0x55dc877b3cd0;
T_35 ;
    %wait E_0x55dc877b4d60;
    %load/vec4 v0x55dc877b5e30_0;
    %flag_set/vec4 8;
    %jmp/0xz  T_35.0, 8;
    %pushi/vec4 0, 0, 1;
    %assign/vec4 v0x55dc877b6240_0, 0;
    %jmp T_35.1;
T_35.0 ;
    %load/vec4 v0x55dc877b6180_0;
    %pad/u 32;
    %cmpi/e 0, 0, 32;
    %jmp/0xz  T_35.2, 4;
    %load/vec4 v0x55dc877b5cb0_0;
    %assign/vec4 v0x55dc877b6240_0, 0;
T_35.2 ;
T_35.1 ;
    %jmp T_35;
    .thread T_35;
    .scope S_0x55dc877b3cd0;
T_36 ;
    %wait E_0x55dc877b5180;
    %load/vec4 v0x55dc877b6180_0;
    %pad/u 32;
    %cmpi/e 0, 0, 32;
    %jmp/0xz  T_36.0, 4;
    %load/vec4 v0x55dc877b5940_0;
    %assign/vec4 v0x55dc877b55e0_0, 0;
T_36.0 ;
    %jmp T_36;
    .thread T_36;
    .scope S_0x55dc877b3cd0;
T_37 ;
    %wait E_0x55dc877b4cf0;
    %load/vec4 v0x55dc877b6000_0;
    %store/vec4 v0x55dc877b5af0_0, 0, 4;
    %pushi/vec4 0, 0, 2;
    %store/vec4 v0x55dc877b5bd0_0, 0, 2;
    %load/vec4 v0x55dc877b6000_0;
    %dup/vec4;
    %pushi/vec4 0, 0, 4;
    %cmp/u;
    %jmp/1 T_37.0, 6;
    %dup/vec4;
    %pushi/vec4 1, 0, 4;
    %cmp/u;
    %jmp/1 T_37.1, 6;
    %dup/vec4;
    %pushi/vec4 2, 0, 4;
    %cmp/u;
    %jmp/1 T_37.2, 6;
    %dup/vec4;
    %pushi/vec4 3, 0, 4;
    %cmp/u;
    %jmp/1 T_37.3, 6;
    %dup/vec4;
    %pushi/vec4 4, 0, 4;
    %cmp/u;
    %jmp/1 T_37.4, 6;
    %dup/vec4;
    %pushi/vec4 5, 0, 4;
    %cmp/u;
    %jmp/1 T_37.5, 6;
    %dup/vec4;
    %pushi/vec4 6, 0, 4;
    %cmp/u;
    %jmp/1 T_37.6, 6;
    %dup/vec4;
    %pushi/vec4 7, 0, 4;
    %cmp/u;
    %jmp/1 T_37.7, 6;
    %dup/vec4;
    %pushi/vec4 8, 0, 4;
    %cmp/u;
    %jmp/1 T_37.8, 6;
    %jmp T_37.9;
T_37.0 ;
    %load/vec4 v0x55dc877b5ed0_0;
    %nor/r;
    %flag_set/vec4 8;
    %jmp/0xz  T_37.10, 8;
    %pushi/vec4 2, 0, 4;
    %store/vec4 v0x55dc877b5af0_0, 0, 4;
T_37.10 ;
    %jmp T_37.9;
T_37.1 ;
    %pushi/vec4 2, 0, 4;
    %store/vec4 v0x55dc877b5af0_0, 0, 4;
    %jmp T_37.9;
T_37.2 ;
    %load/vec4 v0x55dc877b5ed0_0;
    %flag_set/vec4 8;
    %jmp/0xz  T_37.12, 8;
    %pushi/vec4 0, 0, 4;
    %store/vec4 v0x55dc877b5af0_0, 0, 4;
    %jmp T_37.13;
T_37.12 ;
    %pushi/vec4 3, 0, 4;
    %store/vec4 v0x55dc877b5af0_0, 0, 4;
    %pushi/vec4 0, 0, 2;
    %store/vec4 v0x55dc877b5bd0_0, 0, 2;
T_37.13 ;
    %jmp T_37.9;
T_37.3 ;
    %pushi/vec4 4, 0, 4;
    %store/vec4 v0x55dc877b5af0_0, 0, 4;
    %jmp T_37.9;
T_37.4 ;
    %load/vec4 v0x55dc877b55e0_0;
    %pad/u 32;
    %cmpi/u 0, 0, 32;
    %flag_or 5, 4; GT is !LE
    %flag_inv 5;
    %jmp/0xz  T_37.14, 5;
    %pushi/vec4 3, 0, 4;
    %store/vec4 v0x55dc877b5af0_0, 0, 4;
    %pushi/vec4 0, 0, 2;
    %store/vec4 v0x55dc877b5bd0_0, 0, 2;
    %jmp T_37.15;
T_37.14 ;
    %pushi/vec4 7, 0, 4;
    %store/vec4 v0x55dc877b5af0_0, 0, 4;
    %pushi/vec4 0, 0, 2;
    %store/vec4 v0x55dc877b5bd0_0, 0, 2;
T_37.15 ;
    %jmp T_37.9;
T_37.5 ;
    %pushi/vec4 6, 0, 4;
    %store/vec4 v0x55dc877b5af0_0, 0, 4;
    %jmp T_37.9;
T_37.6 ;
    %load/vec4 v0x55dc877b5ed0_0;
    %load/vec4 v0x55dc877b5d70_0;
    %cmp/e;
    %jmp/0xz  T_37.16, 4;
    %pushi/vec4 7, 0, 4;
    %store/vec4 v0x55dc877b5af0_0, 0, 4;
    %pushi/vec4 0, 0, 2;
    %store/vec4 v0x55dc877b5bd0_0, 0, 2;
    %jmp T_37.17;
T_37.16 ;
    %pushi/vec4 0, 0, 4;
    %store/vec4 v0x55dc877b5af0_0, 0, 4;
T_37.17 ;
    %jmp T_37.9;
T_37.7 ;
    %pushi/vec4 8, 0, 4;
    %store/vec4 v0x55dc877b5af0_0, 0, 4;
    %jmp T_37.9;
T_37.8 ;
    %pushi/vec4 0, 0, 4;
    %store/vec4 v0x55dc877b5af0_0, 0, 4;
    %jmp T_37.9;
T_37.9 ;
    %pop/vec4 1;
    %jmp T_37;
    .thread T_37, $push;
    .scope S_0x55dc877b3cd0;
T_38 ;
    %wait E_0x55dc877b4c60;
    %pushi/vec4 1, 0, 1;
    %store/vec4 v0x55dc877b56e0_0, 0, 1;
    %pushi/vec4 0, 0, 1;
    %store/vec4 v0x55dc877b60e0_0, 0, 1;
    %load/vec4 v0x55dc877b5d70_0;
    %store/vec4 v0x55dc877b5a30_0, 0, 1;
    %load/vec4 v0x55dc877b6240_0;
    %store/vec4 v0x55dc877b5cb0_0, 0, 1;
    %load/vec4 v0x55dc877b55e0_0;
    %store/vec4 v0x55dc877b5940_0, 0, 4;
    %load/vec4 v0x55dc877b6000_0;
    %dup/vec4;
    %pushi/vec4 0, 0, 4;
    %cmp/u;
    %jmp/1 T_38.0, 6;
    %dup/vec4;
    %pushi/vec4 4, 0, 4;
    %cmp/u;
    %jmp/1 T_38.1, 6;
    %dup/vec4;
    %pushi/vec4 8, 0, 4;
    %cmp/u;
    %jmp/1 T_38.2, 6;
    %jmp T_38.3;
T_38.0 ;
    %pushi/vec4 0, 0, 1;
    %store/vec4 v0x55dc877b56e0_0, 0, 1;
    %load/vec4 v0x55dc877b5ed0_0;
    %nor/r;
    %flag_set/vec4 8;
    %jmp/0xz  T_38.4, 8;
    %pushi/vec4 0, 0, 1;
    %store/vec4 v0x55dc877b5a30_0, 0, 1;
    %pushi/vec4 0, 0, 1;
    %store/vec4 v0x55dc877b5cb0_0, 0, 1;
    %pushi/vec4 15, 0, 4;
    %store/vec4 v0x55dc877b5940_0, 0, 4;
T_38.4 ;
    %jmp T_38.3;
T_38.1 ;
    %pushi/vec4 1, 0, 1;
    %store/vec4 v0x55dc877b60e0_0, 0, 1;
    %load/vec4 v0x55dc877b5d70_0;
    %load/vec4 v0x55dc877b5ed0_0;
    %xor;
    %store/vec4 v0x55dc877b5a30_0, 0, 1;
    %load/vec4 v0x55dc877b55e0_0;
    %pad/u 32;
    %cmpi/u 0, 0, 32;
    %flag_or 5, 4; GT is !LE
    %flag_inv 5;
    %jmp/0xz  T_38.6, 5;
    %load/vec4 v0x55dc877b55e0_0;
    %subi 1, 0, 4;
    %store/vec4 v0x55dc877b5940_0, 0, 4;
T_38.6 ;
    %jmp T_38.3;
T_38.2 ;
    %load/vec4 v0x55dc877b5ed0_0;
    %flag_set/vec4 8;
    %jmp/0xz  T_38.8, 8;
    %pushi/vec4 1, 0, 1;
    %store/vec4 v0x55dc877b5cb0_0, 0, 1;
T_38.8 ;
    %jmp T_38.3;
T_38.3 ;
    %pop/vec4 1;
    %jmp T_38;
    .thread T_38, $push;
    .scope S_0x55dc8775e300;
T_39 ;
    %pushi/vec4 0, 0, 32;
    %store/vec4 v0x55dc877bd280_0, 0, 32;
    %end;
    .thread T_39;
    .scope S_0x55dc8775e300;
T_40 ;
    %delay 1, 0;
    %load/vec4 v0x55dc877bd1e0_0;
    %nor/r;
    %store/vec4 v0x55dc877bd1e0_0, 0, 1;
    %jmp T_40;
    .thread T_40;
    .scope S_0x55dc8775e300;
T_41 ;
    %pushi/vec4 1, 0, 1;
    %store/vec4 v0x55dc877bd660_0, 0, 1;
    %pushi/vec4 1, 0, 1;
    %store/vec4 v0x55dc877bd1e0_0, 0, 1;
    %pushi/vec4 13, 0, 8;
    %ix/load 4, 0, 0;
    %flag_set/imm 4, 0;
    %store/vec4a v0x55dc877bda60, 4, 0;
    %pushi/vec4 5, 0, 8;
    %ix/load 4, 1, 0;
    %flag_set/imm 4, 0;
    %store/vec4a v0x55dc877bda60, 4, 0;
    %pushi/vec4 1, 0, 8;
    %ix/load 4, 0, 0;
    %flag_set/imm 4, 0;
    %store/vec4a v0x55dc877bdb80, 4, 0;
    %pushi/vec4 3, 0, 8;
    %ix/load 4, 1, 0;
    %flag_set/imm 4, 0;
    %store/vec4a v0x55dc877bdb80, 4, 0;
    %ix/load 4, 0, 0;
    %flag_set/imm 4, 0;
    %load/vec4a v0x55dc877bda60, 4;
    %store/vec4 v0x55dc877bd370_0, 0, 8;
    %pushi/vec4 1, 0, 1;
    %store/vec4 v0x55dc877bd830_0, 0, 1;
    %delay 3, 0;
    %pushi/vec4 0, 0, 1;
    %store/vec4 v0x55dc877bd660_0, 0, 1;
    %delay 1, 0;
    %pushi/vec4 0, 0, 1;
    %store/vec4 v0x55dc877bd830_0, 0, 1;
    %delay 120, 0;
    %delay 1, 0;
    %ix/load 4, 0, 0;
    %flag_set/imm 4, 0;
    %load/vec4a v0x55dc877bda60, 4;
    %store/vec4 v0x55dc877bd370_0, 0, 8;
    %delay 1, 0;
    %pushi/vec4 1, 0, 1;
    %store/vec4 v0x55dc877bd830_0, 0, 1;
    %delay 2, 0;
    %pushi/vec4 0, 0, 1;
    %store/vec4 v0x55dc877bd830_0, 0, 1;
    %delay 120, 0;
    %delay 1, 0;
    %ix/load 4, 1, 0;
    %flag_set/imm 4, 0;
    %load/vec4a v0x55dc877bda60, 4;
    %store/vec4 v0x55dc877bd370_0, 0, 8;
    %delay 1, 0;
    %pushi/vec4 1, 0, 1;
    %store/vec4 v0x55dc877bd830_0, 0, 1;
    %delay 2, 0;
    %pushi/vec4 0, 0, 1;
    %store/vec4 v0x55dc877bd830_0, 0, 1;
    %delay 120, 0;
    %delay 1, 0;
    %ix/load 4, 0, 0;
    %flag_set/imm 4, 0;
    %load/vec4a v0x55dc877bdb80, 4;
    %store/vec4 v0x55dc877bd370_0, 0, 8;
    %delay 1, 0;
    %pushi/vec4 1, 0, 1;
    %store/vec4 v0x55dc877bd830_0, 0, 1;
    %delay 2, 0;
    %pushi/vec4 0, 0, 1;
    %store/vec4 v0x55dc877bd830_0, 0, 1;
    %delay 120, 0;
    %delay 1, 0;
    %ix/load 4, 1, 0;
    %flag_set/imm 4, 0;
    %load/vec4a v0x55dc877bdb80, 4;
    %store/vec4 v0x55dc877bd370_0, 0, 8;
    %delay 1, 0;
    %pushi/vec4 1, 0, 1;
    %store/vec4 v0x55dc877bd830_0, 0, 1;
    %delay 2, 0;
    %pushi/vec4 0, 0, 1;
    %store/vec4 v0x55dc877bd830_0, 0, 1;
    %delay 120, 0;
    %delay 800, 0;
    %vpi_call 2 115 "$finish" {0 0 0};
    %end;
    .thread T_41;
    .scope S_0x55dc8775e300;
T_42 ;
    %wait E_0x55dc876b7610;
    %load/vec4 v0x55dc877bd970_0;
    %flag_set/vec4 8;
    %jmp/0xz  T_42.0, 8;
    %load/vec4 v0x55dc877bd5a0_0;
    %ix/getv/s 4, v0x55dc877bd280_0;
    %store/vec4a v0x55dc877bd480, 4, 0;
    %load/vec4 v0x55dc877bd280_0;
    %cmpi/e 0, 0, 32;
    %jmp/0xz  T_42.2, 4;
    %vpi_call 2 124 "$display", "vector1: %d %d\012", &A<v0x55dc877bda60, 1>, &A<v0x55dc877bda60, 0> {0 0 0};
    %vpi_call 2 125 "$display", "vector2: %d %d\012", &A<v0x55dc877bdb80, 1>, &A<v0x55dc877bdb80, 0> {0 0 0};
    %jmp T_42.3;
T_42.2 ;
    %load/vec4 v0x55dc877bd280_0;
    %cmpi/e 1, 0, 32;
    %jmp/0xz  T_42.4, 4;
    %vpi_call 2 128 "$display", "result:  %d %d\012", &A<v0x55dc877bd480, 1>, &A<v0x55dc877bd480, 0> {0 0 0};
T_42.4 ;
T_42.3 ;
    %load/vec4 v0x55dc877bd280_0;
    %addi 1, 0, 32;
    %store/vec4 v0x55dc877bd280_0, 0, 32;
T_42.0 ;
    %jmp T_42;
    .thread T_42, $push;
    .scope S_0x55dc8775e300;
T_43 ;
    %vpi_call 2 134 "$dumpfile", "dump.vcd" {0 0 0};
    %vpi_call 2 135 "$dumpvars", 32'sb00000000000000000000000000000001 {0 0 0};
    %end;
    .thread T_43;
# The file index is used to find the file name in the following table.
:file_names 14;
    "N/A";
    "<interactive>";
    "testbench_all.v";
    "main.v";
    "mul_vectors.v";
    "multiplier.v";
    "uart_receiver.v";
    "uart_deserializer.v";
    "shift_register_l.v";
    "clock_divider.v";
    "uart_transmitter.v";
    "uart_transmitter_fsm.v";
    "uart_transmitter_sender.v";
    "serializer.v";
