#! /usr/local/bin/vvp
:ivl_version "12.0 (devel)" "(s20150603-1656-gc2dbf4e48)";
:ivl_delay_selection "TYPICAL";
:vpi_time_precision + 0;
:vpi_module "/usr/local/lib/ivl/system.vpi";
:vpi_module "/usr/local/lib/ivl/vhdl_sys.vpi";
:vpi_module "/usr/local/lib/ivl/vhdl_textio.vpi";
:vpi_module "/usr/local/lib/ivl/v2005_math.vpi";
:vpi_module "/usr/local/lib/ivl/va_math.vpi";
S_0x55599eaddef0 .scope module, "test_arbiter" "test_arbiter" 2 1;
 .timescale 0 0;
P_0x55599eade080 .param/l "WIDTH" 0 2 2, +C4<00000000000000000000000000000100>;
v0x55599eb03fd0_0 .var "ack", 0 0;
v0x55599eb04090_0 .var "clk", 0 0;
v0x55599eb04150_0 .net "grant", 3 0, v0x55599eb02d00_0;  1 drivers
v0x55599eb04240_0 .var "request", 3 0;
v0x55599eb04330_0 .var "rst", 0 0;
E_0x55599eadd3a0 .event anyedge, v0x55599eb01c00_0;
S_0x55599eade120 .scope module, "rr_arbiter" "rr_arbiter" 2 7, 3 1 0, S_0x55599eaddef0;
 .timescale 0 0;
    .port_info 0 /INPUT 1 "clk";
    .port_info 1 /INPUT 1 "resetb";
    .port_info 2 /INPUT 1 "ack";
    .port_info 3 /INPUT 4 "request";
    .port_info 4 /OUTPUT 4 "grant";
P_0x55599eacd450 .param/l "WIDTH" 0 3 2, +C4<00000000000000000000000000000100>;
v0x55599eb03810_0 .net "ack", 0 0, v0x55599eb03fd0_0;  1 drivers
v0x55599eb03900_0 .net "clk", 0 0, v0x55599eb04090_0;  1 drivers
v0x55599eb03a10_0 .net "grant", 3 0, v0x55599eb02d00_0;  alias, 1 drivers
v0x55599eb03ab0_0 .net "grant_tmp", 3 0, L_0x55599eb04cc0;  1 drivers
v0x55599eb03b50_0 .net "next_base", 3 0, v0x55599eb023a0_0;  1 drivers
v0x55599eb03c90_0 .net "request", 3 0, v0x55599eb04240_0;  1 drivers
v0x55599eb03d50_0 .net "resetb", 0 0, v0x55599eb04330_0;  1 drivers
v0x55599eb03e40_0 .net "shifted_base", 3 0, L_0x55599eb046c0;  1 drivers
S_0x55599eae2460 .scope module, "arbiter" "arbiter" 3 15, 4 5 0, S_0x55599eade120;
 .timescale 0 0;
    .port_info 0 /INPUT 4 "req";
    .port_info 1 /OUTPUT 4 "grant";
    .port_info 2 /INPUT 4 "base";
P_0x55599eae2640 .param/l "WIDTH" 0 4 9, +C4<00000000000000000000000000000100>;
L_0x55599eaceae0 .functor NOT 8, L_0x55599eb04920, C4<00000000>, C4<00000000>, C4<00000000>;
L_0x55599ead0790 .functor AND 8, L_0x55599eb047e0, L_0x55599eaceae0, C4<11111111>, C4<11111111>;
L_0x55599eb04cc0 .functor OR 4, L_0x55599eb04b00, L_0x55599eb04c20, C4<0000>, C4<0000>;
v0x55599eacec00_0 .net *"_ivl_13", 3 0, L_0x55599eb04b00;  1 drivers
v0x55599eacecd0_0 .net *"_ivl_15", 3 0, L_0x55599eb04c20;  1 drivers
v0x55599eb014d0_0 .net *"_ivl_2", 7 0, L_0x55599eb04880;  1 drivers
L_0x7fcb50a650a8 .functor BUFT 1, C4<0000>, C4<0>, C4<0>, C4<0>;
v0x55599eb01590_0 .net *"_ivl_5", 3 0, L_0x7fcb50a650a8;  1 drivers
v0x55599eb01670_0 .net *"_ivl_6", 7 0, L_0x55599eb04920;  1 drivers
v0x55599eb017a0_0 .net *"_ivl_8", 7 0, L_0x55599eaceae0;  1 drivers
v0x55599eb01880_0 .net "base", 3 0, v0x55599eb023a0_0;  alias, 1 drivers
v0x55599eb01960_0 .net "double_grant", 7 0, L_0x55599ead0790;  1 drivers
v0x55599eb01a40_0 .net "double_req", 7 0, L_0x55599eb047e0;  1 drivers
v0x55599eb01b20_0 .net "grant", 3 0, L_0x55599eb04cc0;  alias, 1 drivers
v0x55599eb01c00_0 .net "req", 3 0, v0x55599eb04240_0;  alias, 1 drivers
L_0x55599eb047e0 .concat [ 4 4 0 0], v0x55599eb04240_0, v0x55599eb04240_0;
L_0x55599eb04880 .concat [ 4 4 0 0], v0x55599eb023a0_0, L_0x7fcb50a650a8;
L_0x55599eb04920 .arith/sub 8, L_0x55599eb047e0, L_0x55599eb04880;
L_0x55599eb04b00 .part L_0x55599ead0790, 0, 4;
L_0x55599eb04c20 .part L_0x55599ead0790, 4, 4;
S_0x55599eb01d60 .scope module, "base" "register" 3 13, 5 3 0, S_0x55599eade120;
 .timescale 0 0;
    .port_info 0 /INPUT 1 "clk";
    .port_info 1 /INPUT 1 "rst";
    .port_info 2 /INPUT 1 "load";
    .port_info 3 /INPUT 1 "ack";
    .port_info 4 /INPUT 4 "in";
    .port_info 5 /OUTPUT 4 "out";
P_0x55599eb01ef0 .param/l "WIDTH" 0 5 5, +C4<00000000000000000000000000000100>;
v0x55599eb02050_0 .net "ack", 0 0, v0x55599eb03fd0_0;  alias, 1 drivers
v0x55599eb02130_0 .net "clk", 0 0, v0x55599eb04090_0;  alias, 1 drivers
v0x55599eb021f0_0 .net "in", 3 0, L_0x55599eb046c0;  alias, 1 drivers
L_0x7fcb50a65060 .functor BUFT 1, C4<1>, C4<0>, C4<0>, C4<0>;
v0x55599eb022e0_0 .net "load", 0 0, L_0x7fcb50a65060;  1 drivers
v0x55599eb023a0_0 .var "out", 3 0;
v0x55599eb024b0_0 .net "rst", 0 0, v0x55599eb04330_0;  alias, 1 drivers
E_0x55599eadc160/0 .event negedge, v0x55599eb024b0_0;
E_0x55599eadc160/1 .event posedge, v0x55599eb02130_0;
E_0x55599eadc160 .event/or E_0x55599eadc160/0, E_0x55599eadc160/1;
S_0x55599eb02610 .scope module, "final_decoder" "decoder" 3 17, 6 1 0, S_0x55599eade120;
 .timescale 0 0;
    .port_info 0 /INPUT 1 "clk";
    .port_info 1 /INPUT 1 "rst";
    .port_info 2 /INPUT 1 "ack";
    .port_info 3 /INPUT 1 "load";
    .port_info 4 /INPUT 4 "in";
    .port_info 5 /OUTPUT 4 "out";
P_0x55599eacdaa0 .param/l "OUTPUT_TYPE" 0 6 4, +C4<00000000000000000000000000000001>;
P_0x55599eacdae0 .param/l "WIDTH" 0 6 3, +C4<00000000000000000000000000000100>;
v0x55599eb029c0_0 .net "ack", 0 0, v0x55599eb03fd0_0;  alias, 1 drivers
v0x55599eb02a90_0 .net "clk", 0 0, v0x55599eb04090_0;  alias, 1 drivers
v0x55599eb02b60_0 .net "in", 3 0, L_0x55599eb04cc0;  alias, 1 drivers
L_0x7fcb50a650f0 .functor BUFT 1, C4<1>, C4<0>, C4<0>, C4<0>;
v0x55599eb02c60_0 .net "load", 0 0, L_0x7fcb50a650f0;  1 drivers
v0x55599eb02d00_0 .var "out", 3 0;
v0x55599eb02df0_0 .net "rst", 0 0, v0x55599eb04330_0;  alias, 1 drivers
S_0x55599eb02f30 .scope module, "rotator" "rotator" 3 11, 7 1 0, S_0x55599eade120;
 .timescale 0 0;
    .port_info 0 /INPUT 4 "x";
    .port_info 1 /OUTPUT 4 "z";
P_0x55599eb03110 .param/l "WIDTH" 0 7 3, +C4<00000000000000000000000000000100>;
v0x55599eb03200_0 .net *"_ivl_0", 7 0, L_0x55599eb04420;  1 drivers
v0x55599eb03300_0 .net *"_ivl_4", 6 0, L_0x55599eb044e0;  1 drivers
L_0x7fcb50a65018 .functor BUFT 1, C4<0>, C4<0>, C4<0>, C4<0>;
v0x55599eb033e0_0 .net *"_ivl_6", 0 0, L_0x7fcb50a65018;  1 drivers
v0x55599eb034d0_0 .net "temp", 7 0, L_0x55599eb04580;  1 drivers
v0x55599eb035b0_0 .net "x", 3 0, L_0x55599eb04cc0;  alias, 1 drivers
v0x55599eb03710_0 .net "z", 3 0, L_0x55599eb046c0;  alias, 1 drivers
L_0x55599eb04420 .concat [ 4 4 0 0], L_0x55599eb04cc0, L_0x55599eb04cc0;
L_0x55599eb044e0 .part L_0x55599eb04420, 0, 7;
L_0x55599eb04580 .concat [ 1 7 0 0], L_0x7fcb50a65018, L_0x55599eb044e0;
L_0x55599eb046c0 .part L_0x55599eb04580, 4, 4;
    .scope S_0x55599eb01d60;
T_0 ;
    %wait E_0x55599eadc160;
    %load/vec4 v0x55599eb024b0_0;
    %inv;
    %flag_set/vec4 8;
    %jmp/0xz  T_0.0, 8;
    %pushi/vec4 1, 0, 4;
    %assign/vec4 v0x55599eb023a0_0, 0;
    %jmp T_0.1;
T_0.0 ;
    %load/vec4 v0x55599eb022e0_0;
    %flag_set/vec4 8;
    %jmp/0xz  T_0.2, 8;
    %load/vec4 v0x55599eb021f0_0;
    %assign/vec4 v0x55599eb023a0_0, 0;
    %jmp T_0.3;
T_0.2 ;
    %pushi/vec4 0, 0, 4;
    %assign/vec4 v0x55599eb023a0_0, 0;
T_0.3 ;
T_0.1 ;
    %jmp T_0;
    .thread T_0;
    .scope S_0x55599eb02610;
T_1 ;
    %wait E_0x55599eadc160;
    %load/vec4 v0x55599eb02df0_0;
    %inv;
    %flag_set/vec4 8;
    %jmp/0xz  T_1.0, 8;
    %pushi/vec4 0, 0, 4;
    %assign/vec4 v0x55599eb02d00_0, 0;
    %jmp T_1.1;
T_1.0 ;
    %load/vec4 v0x55599eb02c60_0;
    %load/vec4 v0x55599eb029c0_0;
    %and;
    %flag_set/vec4 8;
    %jmp/0xz  T_1.2, 8;
    %load/vec4 v0x55599eb02b60_0;
    %assign/vec4 v0x55599eb02d00_0, 0;
T_1.2 ;
T_1.1 ;
    %jmp T_1;
    .thread T_1;
    .scope S_0x55599eaddef0;
T_2 ;
    %pushi/vec4 0, 0, 1;
    %store/vec4 v0x55599eb04090_0, 0, 1;
    %end;
    .thread T_2;
    .scope S_0x55599eaddef0;
T_3 ;
    %delay 1, 0;
    %load/vec4 v0x55599eb04090_0;
    %nor/r;
    %store/vec4 v0x55599eb04090_0, 0, 1;
    %jmp T_3;
    .thread T_3;
    .scope S_0x55599eaddef0;
T_4 ;
    %pushi/vec4 0, 0, 1;
    %store/vec4 v0x55599eb04330_0, 0, 1;
    %pushi/vec4 0, 0, 1;
    %store/vec4 v0x55599eb03fd0_0, 0, 1;
    %delay 2, 0;
    %pushi/vec4 1, 0, 1;
    %store/vec4 v0x55599eb04330_0, 0, 1;
    %pushi/vec4 10, 0, 4;
    %store/vec4 v0x55599eb04240_0, 0, 4;
    %pushi/vec4 1, 0, 1;
    %store/vec4 v0x55599eb03fd0_0, 0, 1;
    %delay 4, 0;
    %pushi/vec4 0, 0, 1;
    %store/vec4 v0x55599eb03fd0_0, 0, 1;
    %delay 2, 0;
    %pushi/vec4 7, 0, 4;
    %store/vec4 v0x55599eb04240_0, 0, 4;
    %delay 2, 0;
    %pushi/vec4 1, 0, 1;
    %store/vec4 v0x55599eb03fd0_0, 0, 1;
    %delay 4, 0;
    %pushi/vec4 0, 0, 1;
    %store/vec4 v0x55599eb03fd0_0, 0, 1;
    %delay 2, 0;
    %pushi/vec4 8, 0, 4;
    %store/vec4 v0x55599eb04240_0, 0, 4;
    %delay 2, 0;
    %pushi/vec4 1, 0, 1;
    %store/vec4 v0x55599eb03fd0_0, 0, 1;
    %delay 4, 0;
    %end;
    .thread T_4;
    .scope S_0x55599eaddef0;
T_5 ;
    %wait E_0x55599eadd3a0;
    %vpi_call 2 42 "$monitor", "\012\011REQUEST VECTOR: %b\011GRANT VECTOR: %b\011 ACK: %d\012", v0x55599eb04240_0, v0x55599eb04150_0, v0x55599eb03fd0_0 {0 0 0};
    %jmp T_5;
    .thread T_5, $push;
    .scope S_0x55599eaddef0;
T_6 ;
    %vpi_call 2 45 "$dumpfile", "dump.vcd" {0 0 0};
    %vpi_call 2 46 "$dumpvars", 32'sb00000000000000000000000000000001 {0 0 0};
    %delay 30, 0;
    %vpi_call 2 48 "$finish" {0 0 0};
    %end;
    .thread T_6;
# The file index is used to find the file name in the following table.
:file_names 8;
    "N/A";
    "<interactive>";
    "test.v";
    "rr_arbiter.v";
    "arbiter.v";
    "register.v";
    "decoder.v";
    "rotator.v";
